Gathering Snow! (have 0 now)
Gathering Snow! (have 1 now)
Throwing at [Unit | color = JAZZBERRY, perk = CLEATS, position = [6, 5], warmth = 2, snowballs = 1] with 0 snowballs!
Throwing at [Unit | color = LOCHMARA, perk = CLEATS, position = [7, 3], warmth = 2, snowballs = 1] with 0 snowballs!
Throwing at [Unit | color = JAZZBERRY, perk = BUCKET, position = [6, 7], warmth = 1, snowballs = 0] with 0 snowballs!
Throwing at [Unit | color = LOCHMARA, perk = CLEATS, position = [5, 5], warmth = 2, snowballs = 1] with 0 snowballs!
Gathering Snow! (have 0 now)
Gathering Snow! (have 0 now)
Throwing at [Unit | color = LOCHMARA, perk = BUCKET, position = [5, 2], warmth = 1, snowballs = 0] with 0 snowballs!
Throwing at [Unit | color = JAZZBERRY, perk = CLEATS, position = [6, 5], warmth = 2, snowballs = 0] with 0 snowballs!
Gathering Snow! (have 0 now)
Throwing at [Unit | color = LOCHMARA, perk = BUCKET, position = [7, 2], warmth = 1, snowballs = 0] with 0 snowballs!
Throwing at [Unit | color = JAZZBERRY, perk = CLEATS, position = [6, 7], warmth = 2, snowballs = 0] with 0 snowballs!
Throwing at [Unit | color = LOCHMARA, perk = CLEATS, position = [6, 4], warmth = 2, snowballs = 2] with 0 snowballs!
Gathering Snow! (have 0 now)
Throwing at [Unit | color = JAZZBERRY, perk = CLEATS, position = [6, 5], warmth = 2, snowballs = 0] with 0 snowballs!
Throwing at [Unit | color = JAZZBERRY, perk = CLEATS, position = [6, 5], warmth = 2, snowballs = 0] with 0 snowballs!
Throwing at [Unit | color = LOCHMARA, perk = BUCKET, position = [10, -2], warmth = 1, snowballs = 0] with 0 snowballs!
Throwing at [Unit | color = JAZZBERRY, perk = CLEATS, position = [6, 5], warmth = 2, snowballs = 0] with 0 snowballs!
Throwing at [Unit | color = LOCHMARA, perk = CLEATS, position = [7, 5], warmth = 2, snowballs = 2] with 0 snowballs!
Throwing at [Unit | color = JAZZBERRY, perk = CLEATS, position = [7, 2], warmth = 2, snowballs = 0] with 0 snowballs!
Throwing at [Unit | color = JAZZBERRY, perk = CLEATS, position = [6, 6], warmth = 2, snowballs = 0] with 0 snowballs!
Throwing at [Unit | color = JAZZBERRY, perk = BUCKET, position = [5, 5], warmth = 2, snowballs = 0] with 0 snowballs!
Gathering Snow! (have 0 now)
Throwing at [Unit | color = LOCHMARA, perk = CLEATS, position = [5, 8], warmth = 2, snowballs = 2] with 0 snowballs!
Throwing at [Unit | color = LOCHMARA, perk = CLEATS, position = [6, 4], warmth = 2, snowballs = 2] with 0 snowballs!
Gathering Snow! (have 0 now)
Gathering Snow! (have 0 now)
Throwing at [Unit | color = JAZZBERRY, perk = BUCKET, position = [5, 7], warmth = 2, snowballs = 1] with 0 snowballs!
Throwing at [Unit | color = LOCHMARA, perk = BUCKET, position = [10, -1], warmth = 1, snowballs = 0] with 0 snowballs!
Gathering Snow! (have 0 now)
Gathering Snow! (have 0 now)
Throwing at [Unit | color = JAZZBERRY, perk = BUCKET, position = [6, 8], warmth = 1, snowballs = 0] with 0 snowballs!
Gathering Snow! (have 0 now)
Throwing at [Unit | color = LOCHMARA, perk = BUCKET, position = [9, 0], warmth = 1, snowballs = 0] with 0 snowballs!
Throwing at [Unit | color = JAZZBERRY, perk = BUCKET, position = [5, 6], warmth = 2, snowballs = 0] with 0 snowballs!
Throwing at [Unit | color = LOCHMARA, perk = BUCKET, position = [9, -1], warmth = 1, snowballs = 0] with 0 snowballs!
Gathering Snow! (have 0 now)
Throwing at [Unit | color = JAZZBERRY, perk = BUCKET, position = [7, 5], warmth = 1, snowballs = 0] with 0 snowballs!
Gathering Snow! (have 0 now)
Throwing at [Unit | color = LOCHMARA, perk = BUCKET, position = [10, -2], warmth = 1, snowballs = 0] with 0 snowballs!
Throwing at [Unit | color = JAZZBERRY, perk = CLEATS, position = [8, 7], warmth = 2, snowballs = 0] with 0 snowballs!
Throwing at [Unit | color = JAZZBERRY, perk = BUCKET, position = [5, 6], warmth = 1, snowballs = 0] with 0 snowballs!
Throwing at [Unit | color = LOCHMARA, perk = BUCKET, position = [10, -2], warmth = 1, snowballs = 0] with 0 snowballs!
Throwing at [Unit | color = JAZZBERRY, perk = BUCKET, position = [7, 5], warmth = 2, snowballs = 0] with 0 snowballs!
Gathering Snow! (have 0 now)
Gathering Snow! (have 0 now)
Throwing at [Unit | color = LOCHMARA, perk = CLEATS, position = [6, 6], warmth = 1, snowballs = 2] with 0 snowballs!
Throwing at [Unit | color = LOCHMARA, perk = BUCKET, position = [7, 3], warmth = 1, snowballs = 0] with 1 snowballs!
Throwing at [Unit | color = JAZZBERRY, perk = CLEATS, position = [7, 5], warmth = 2, snowballs = 0] with 0 snowballs!
Gathering Snow! (have 0 now)
Gathering Snow! (have 0 now)
Gathering Snow! (have 0 now)
Throwing at [Unit | color = LOCHMARA, perk = CLEATS, position = [4, 9], warmth = 2, snowballs = 2] with 0 snowballs!
Throwing at [Unit | color = JAZZBERRY, perk = BUCKET, position = [5, 6], warmth = 1, snowballs = 0] with 0 snowballs!
Gathering Snow! (have 0 now)
Throwing at [Unit | color = JAZZBERRY, perk = BUCKET, position = [5, 6], warmth = 1, snowballs = 0] with 0 snowballs!
Throwing at [Unit | color = LOCHMARA, perk = BUCKET, position = [7, 4], warmth = 2, snowballs = 1] with 1 snowballs!
Throwing at [Unit | color = JAZZBERRY, perk = CLEATS, position = [7, 5], warmth = 2, snowballs = 1] with 0 snowballs!
Throwing at [Unit | color = JAZZBERRY, perk = BUCKET, position = [6, 6], warmth = 2, snowballs = 0] with 0 snowballs!
Throwing at [Unit | color = LOCHMARA, perk = CLEATS, position = [7, 4], warmth = 2, snowballs = 2] with 0 snowballs!
Throwing at [Unit | color = LOCHMARA, perk = CLEATS, position = [7, 4], warmth = 2, snowballs = 2] with 0 snowballs!
Throwing at [Unit | color = JAZZBERRY, perk = BUCKET, position = [5, 6], warmth = 1, snowballs = 0] with 0 snowballs!
Throwing at [Unit | color = JAZZBERRY, perk = CLEATS, position = [7, 5], warmth = 2, snowballs = 0] with 0 snowballs!
Throwing at [Unit | color = LOCHMARA, perk = CLEATS, position = [5, 5], warmth = 1, snowballs = 2] with 0 snowballs!
Throwing at [Unit | color = LOCHMARA, perk = CLEATS, position = [3, 7], warmth = 2, snowballs = 2] with 0 snowballs!
Gathering Snow! (have 0 now)
Throwing at [Unit | color = JAZZBERRY, perk = BUCKET, position = [6, 6], warmth = 2, snowballs = 0] with 0 snowballs!
Throwing at [Unit | color = LOCHMARA, perk = BUCKET, position = [8, 4], warmth = 1, snowballs = 2] with 0 snowballs!
Throwing at [Unit | color = JAZZBERRY, perk = BUCKET, position = [6, 8], warmth = 1, snowballs = 0] with 0 snowballs!
Throwing at [Unit | color = JAZZBERRY, perk = CLEATS, position = [7, 7], warmth = 2, snowballs = 0] with 0 snowballs!
