[38, 39, 40, 41, 42, 43, 44, 45, 46, 47, 48, 49, 50]
Target path is [lazers.api.Target@3ac42916, lazers.api.Repeater@2952fb3f, lazers.api.Repeater@200f3cd5, lazers.api.Repeater@31b7dea0, lazers.api.Repeater@50675690, lazers.api.Repeater@784701b9, lazers.api.Repeater@83177f0, lazers.api.Repeater@5d763b4d, lazers.api.Repeater@1b880d2d, lazers.api.Repeater@6308cea3, lazers.api.Repeater@7779960, lazers.api.Repeater@17ed40e0, lazers.api.Repeater@de49ebf, lazers.api.Repeater@3930015a, lazers.api.Repeater@3ed0b529, lazers.api.Repeater@22a71081, lazers.api.Repeater@2d6a9952, lazers.api.Repeater@1b8fbd5c, lazers.api.Repeater@2471cca7, lazers.api.Repeater@5fe5c6f, lazers.api.Repeater@387c703b, lazers.api.Repeater@6343a8df, lazers.api.Repeater@2d6d7a4a, lazers.api.Emitter@71e7a66b]
Current:
lazers.api.Repeater@c39f790
Target
lazers.api.Repeater@2d6d7a4a
0
Rotating 23 toward 22
[38, 39, 40, 41, 42, 43, 44, 45, 46, 47, 48, 49, 50]
Target path is [lazers.api.Target@3ac42916, lazers.api.Repeater@2952fb3f, lazers.api.Repeater@200f3cd5, lazers.api.Repeater@31b7dea0, lazers.api.Repeater@50675690, lazers.api.Repeater@784701b9, lazers.api.Repeater@83177f0, lazers.api.Repeater@5d763b4d, lazers.api.Repeater@1b880d2d, lazers.api.Repeater@6308cea3, lazers.api.Repeater@7779960, lazers.api.Repeater@17ed40e0, lazers.api.Repeater@de49ebf, lazers.api.Repeater@3930015a, lazers.api.Repeater@3ed0b529, lazers.api.Repeater@22a71081, lazers.api.Repeater@2d6a9952, lazers.api.Repeater@1b8fbd5c, lazers.api.Repeater@2471cca7, lazers.api.Repeater@5fe5c6f, lazers.api.Repeater@387c703b, lazers.api.Repeater@6343a8df, lazers.api.Repeater@2d6d7a4a, lazers.api.Emitter@71e7a66b]
Current:
lazers.api.Repeater@c39f790
Target
lazers.api.Repeater@2d6d7a4a
0
Rotating 23 toward 22
[38, 39, 40, 41, 42, 43, 44, 45, 46, 47, 48, 49, 50]
Target path is [lazers.api.Target@3ac42916, lazers.api.Repeater@2952fb3f, lazers.api.Repeater@200f3cd5, lazers.api.Repeater@31b7dea0, lazers.api.Repeater@50675690, lazers.api.Repeater@784701b9, lazers.api.Repeater@83177f0, lazers.api.Repeater@5d763b4d, lazers.api.Repeater@1b880d2d, lazers.api.Repeater@6308cea3, lazers.api.Repeater@7779960, lazers.api.Repeater@17ed40e0, lazers.api.Repeater@de49ebf, lazers.api.Repeater@3930015a, lazers.api.Repeater@3ed0b529, lazers.api.Repeater@22a71081, lazers.api.Repeater@2d6a9952, lazers.api.Repeater@1b8fbd5c, lazers.api.Repeater@2471cca7, lazers.api.Repeater@5fe5c6f, lazers.api.Repeater@387c703b, lazers.api.Repeater@6343a8df, lazers.api.Repeater@2d6d7a4a, lazers.api.Emitter@71e7a66b]
Current:
lazers.api.Repeater@c39f790
Target
lazers.api.Repeater@2d6d7a4a
0
Rotating 23 toward 22
[38, 39, 40, 41, 42, 43, 44, 45, 46, 47, 48, 49, 50]
Target path is [lazers.api.Target@3ac42916, lazers.api.Repeater@2952fb3f, lazers.api.Repeater@200f3cd5, lazers.api.Repeater@31b7dea0, lazers.api.Repeater@50675690, lazers.api.Repeater@784701b9, lazers.api.Repeater@83177f0, lazers.api.Repeater@5d763b4d, lazers.api.Repeater@1b880d2d, lazers.api.Repeater@6308cea3, lazers.api.Repeater@7779960, lazers.api.Repeater@17ed40e0, lazers.api.Repeater@de49ebf, lazers.api.Repeater@3930015a, lazers.api.Repeater@3ed0b529, lazers.api.Repeater@22a71081, lazers.api.Repeater@2d6a9952, lazers.api.Repeater@1b8fbd5c, lazers.api.Repeater@2471cca7, lazers.api.Repeater@5fe5c6f, lazers.api.Repeater@387c703b, lazers.api.Repeater@6343a8df, lazers.api.Repeater@2d6d7a4a, lazers.api.Emitter@71e7a66b]
Current:
lazers.api.Repeater@c39f790
Target
lazers.api.Repeater@2d6d7a4a
0
Rotating 23 toward 22
[38, 39, 40, 41, 42, 43, 44, 45, 46, 47, 48, 49, 50]
Target path is [lazers.api.Target@3ac42916, lazers.api.Repeater@2952fb3f, lazers.api.Repeater@200f3cd5, lazers.api.Repeater@31b7dea0, lazers.api.Repeater@50675690, lazers.api.Repeater@784701b9, lazers.api.Repeater@83177f0, lazers.api.Repeater@5d763b4d, lazers.api.Repeater@1b880d2d, lazers.api.Repeater@6308cea3, lazers.api.Repeater@7779960, lazers.api.Repeater@17ed40e0, lazers.api.Repeater@de49ebf, lazers.api.Repeater@3930015a, lazers.api.Repeater@3ed0b529, lazers.api.Repeater@22a71081, lazers.api.Repeater@2d6a9952, lazers.api.Repeater@1b8fbd5c, lazers.api.Repeater@2471cca7, lazers.api.Repeater@5fe5c6f, lazers.api.Repeater@387c703b, lazers.api.Repeater@6343a8df, lazers.api.Repeater@2d6d7a4a, lazers.api.Emitter@71e7a66b]
Current:
lazers.api.Repeater@c39f790
Target
lazers.api.Repeater@2d6d7a4a
0
Rotating 23 toward 22
[38, 39, 40, 41, 42, 43, 44, 45, 46, 47, 48, 49, 50]
Target path is [lazers.api.Target@3ac42916, lazers.api.Repeater@2952fb3f, lazers.api.Repeater@200f3cd5, lazers.api.Repeater@31b7dea0, lazers.api.Repeater@50675690, lazers.api.Repeater@784701b9, lazers.api.Repeater@83177f0, lazers.api.Repeater@5d763b4d, lazers.api.Repeater@1b880d2d, lazers.api.Repeater@6308cea3, lazers.api.Repeater@7779960, lazers.api.Repeater@17ed40e0, lazers.api.Repeater@de49ebf, lazers.api.Repeater@3930015a, lazers.api.Repeater@3ed0b529, lazers.api.Repeater@22a71081, lazers.api.Repeater@2d6a9952, lazers.api.Repeater@1b8fbd5c, lazers.api.Repeater@2471cca7, lazers.api.Repeater@5fe5c6f, lazers.api.Repeater@387c703b, lazers.api.Repeater@6343a8df, lazers.api.Repeater@2d6d7a4a, lazers.api.Emitter@71e7a66b]
Current:
lazers.api.Repeater@c39f790
Target
lazers.api.Repeater@2d6d7a4a
0
Rotating 23 toward 22
[38, 39, 40, 41, 42, 43, 44, 45, 46, 47, 48, 49, 50]
Target path is [lazers.api.Target@3ac42916, lazers.api.Repeater@2952fb3f, lazers.api.Repeater@200f3cd5, lazers.api.Repeater@31b7dea0, lazers.api.Repeater@50675690, lazers.api.Repeater@784701b9, lazers.api.Repeater@83177f0, lazers.api.Repeater@5d763b4d, lazers.api.Repeater@1b880d2d, lazers.api.Repeater@6308cea3, lazers.api.Repeater@7779960, lazers.api.Repeater@17ed40e0, lazers.api.Repeater@de49ebf, lazers.api.Repeater@3930015a, lazers.api.Repeater@3ed0b529, lazers.api.Repeater@22a71081, lazers.api.Repeater@2d6a9952, lazers.api.Repeater@1b8fbd5c, lazers.api.Repeater@2471cca7, lazers.api.Repeater@5fe5c6f, lazers.api.Repeater@387c703b, lazers.api.Repeater@6343a8df, lazers.api.Repeater@2d6d7a4a, lazers.api.Emitter@71e7a66b]
Current:
lazers.api.Repeater@c39f790
Target
lazers.api.Repeater@2d6d7a4a
0
Rotating 23 toward 22
[38, 39, 40, 41, 42, 43, 44, 45, 46, 47, 48, 49, 50]
Target path is [lazers.api.Target@3ac42916, lazers.api.Repeater@2952fb3f, lazers.api.Repeater@200f3cd5, lazers.api.Repeater@31b7dea0, lazers.api.Repeater@50675690, lazers.api.Repeater@784701b9, lazers.api.Repeater@83177f0, lazers.api.Repeater@5d763b4d, lazers.api.Repeater@1b880d2d, lazers.api.Repeater@6308cea3, lazers.api.Repeater@7779960, lazers.api.Repeater@17ed40e0, lazers.api.Repeater@de49ebf, lazers.api.Repeater@3930015a, lazers.api.Repeater@3ed0b529, lazers.api.Repeater@22a71081, lazers.api.Repeater@2d6a9952, lazers.api.Repeater@1b8fbd5c, lazers.api.Repeater@2471cca7, lazers.api.Repeater@5fe5c6f, lazers.api.Repeater@387c703b, lazers.api.Repeater@6343a8df, lazers.api.Repeater@2d6d7a4a, lazers.api.Emitter@71e7a66b]
Current:
lazers.api.Repeater@c39f790
Target
lazers.api.Repeater@2d6d7a4a
0
Rotating 23 toward 22
[38, 39, 40, 41, 42, 43, 44, 45, 46, 47, 48, 49, 50]
Target path is [lazers.api.Target@3ac42916, lazers.api.Repeater@2952fb3f, lazers.api.Repeater@200f3cd5, lazers.api.Repeater@31b7dea0, lazers.api.Repeater@50675690, lazers.api.Repeater@784701b9, lazers.api.Repeater@83177f0, lazers.api.Repeater@5d763b4d, lazers.api.Repeater@1b880d2d, lazers.api.Repeater@6308cea3, lazers.api.Repeater@7779960, lazers.api.Repeater@17ed40e0, lazers.api.Repeater@de49ebf, lazers.api.Repeater@3930015a, lazers.api.Repeater@3ed0b529, lazers.api.Repeater@22a71081, lazers.api.Repeater@2d6a9952, lazers.api.Repeater@1b8fbd5c, lazers.api.Repeater@2471cca7, lazers.api.Repeater@5fe5c6f, lazers.api.Repeater@387c703b, lazers.api.Repeater@6343a8df, lazers.api.Repeater@2d6d7a4a, lazers.api.Emitter@71e7a66b]
Current:
lazers.api.Repeater@c39f790
Target
lazers.api.Repeater@2d6d7a4a
0
Rotating 23 toward 22
[38, 39, 40, 41, 42, 43, 44, 45, 46, 47, 48, 49, 50]
Target path is [lazers.api.Target@3ac42916, lazers.api.Repeater@2952fb3f, lazers.api.Repeater@200f3cd5, lazers.api.Repeater@31b7dea0, lazers.api.Repeater@50675690, lazers.api.Repeater@784701b9, lazers.api.Repeater@83177f0, lazers.api.Repeater@5d763b4d, lazers.api.Repeater@1b880d2d, lazers.api.Repeater@6308cea3, lazers.api.Repeater@7779960, lazers.api.Repeater@17ed40e0, lazers.api.Repeater@de49ebf, lazers.api.Repeater@3930015a, lazers.api.Repeater@3ed0b529, lazers.api.Repeater@22a71081, lazers.api.Repeater@2d6a9952, lazers.api.Repeater@1b8fbd5c, lazers.api.Repeater@2471cca7, lazers.api.Repeater@5fe5c6f, lazers.api.Repeater@387c703b, lazers.api.Repeater@6343a8df, lazers.api.Repeater@2d6d7a4a, lazers.api.Emitter@71e7a66b]
Current:
lazers.api.Repeater@c39f790
Target
lazers.api.Repeater@2d6d7a4a
0
Rotating 23 toward 22
[38, 39, 40, 41, 42, 43, 44, 45, 46, 47, 48, 49, 50]
Target path is [lazers.api.Target@3ac42916, lazers.api.Repeater@2952fb3f, lazers.api.Repeater@200f3cd5, lazers.api.Repeater@31b7dea0, lazers.api.Repeater@50675690, lazers.api.Repeater@784701b9, lazers.api.Repeater@83177f0, lazers.api.Repeater@5d763b4d, lazers.api.Repeater@1b880d2d, lazers.api.Repeater@6308cea3, lazers.api.Repeater@7779960, lazers.api.Repeater@17ed40e0, lazers.api.Repeater@de49ebf, lazers.api.Repeater@3930015a, lazers.api.Repeater@3ed0b529, lazers.api.Repeater@22a71081, lazers.api.Repeater@2d6a9952, lazers.api.Repeater@1b8fbd5c, lazers.api.Repeater@2471cca7, lazers.api.Repeater@5fe5c6f, lazers.api.Repeater@387c703b, lazers.api.Repeater@6343a8df, lazers.api.Repeater@2d6d7a4a, lazers.api.Emitter@71e7a66b]
Current:
lazers.api.Repeater@c39f790
Target
lazers.api.Repeater@2d6d7a4a
0
Rotating 23 toward 22
[38, 39, 40, 41, 42, 43, 44, 45, 46, 47, 48, 49, 50]
Target path is [lazers.api.Target@3ac42916, lazers.api.Repeater@2952fb3f, lazers.api.Repeater@200f3cd5, lazers.api.Repeater@31b7dea0, lazers.api.Repeater@50675690, lazers.api.Repeater@784701b9, lazers.api.Repeater@83177f0, lazers.api.Repeater@5d763b4d, lazers.api.Repeater@1b880d2d, lazers.api.Repeater@6308cea3, lazers.api.Repeater@7779960, lazers.api.Repeater@17ed40e0, lazers.api.Repeater@de49ebf, lazers.api.Repeater@3930015a, lazers.api.Repeater@3ed0b529, lazers.api.Repeater@22a71081, lazers.api.Repeater@2d6a9952, lazers.api.Repeater@1b8fbd5c, lazers.api.Repeater@2471cca7, lazers.api.Repeater@5fe5c6f, lazers.api.Repeater@387c703b, lazers.api.Repeater@6343a8df, lazers.api.Repeater@2d6d7a4a, lazers.api.Emitter@71e7a66b]
Current:
lazers.api.Repeater@c39f790
Target
lazers.api.Repeater@2d6d7a4a
0
Rotating 23 toward 22
[38, 39, 40, 41, 42, 43, 44, 45, 46, 47, 48, 49, 50]
Target path is [lazers.api.Target@3ac42916, lazers.api.Repeater@2952fb3f, lazers.api.Repeater@200f3cd5, lazers.api.Repeater@31b7dea0, lazers.api.Repeater@50675690, lazers.api.Repeater@784701b9, lazers.api.Repeater@83177f0, lazers.api.Repeater@5d763b4d, lazers.api.Repeater@1b880d2d, lazers.api.Repeater@6308cea3, lazers.api.Repeater@7779960, lazers.api.Repeater@17ed40e0, lazers.api.Repeater@de49ebf, lazers.api.Repeater@3930015a, lazers.api.Repeater@3ed0b529, lazers.api.Repeater@22a71081, lazers.api.Repeater@2d6a9952, lazers.api.Repeater@1b8fbd5c, lazers.api.Repeater@2471cca7, lazers.api.Repeater@5fe5c6f, lazers.api.Repeater@387c703b, lazers.api.Repeater@6343a8df, lazers.api.Repeater@2d6d7a4a, lazers.api.Emitter@71e7a66b]
Current:
lazers.api.Repeater@c39f790
Target
lazers.api.Repeater@2d6d7a4a
0
Rotating 23 toward 22
[38, 39, 40, 41, 42, 43, 44, 45, 46, 47, 48, 49, 50]
Target path is [lazers.api.Target@3ac42916, lazers.api.Repeater@2952fb3f, lazers.api.Repeater@200f3cd5, lazers.api.Repeater@31b7dea0, lazers.api.Repeater@50675690, lazers.api.Repeater@784701b9, lazers.api.Repeater@83177f0, lazers.api.Repeater@5d763b4d, lazers.api.Repeater@1b880d2d, lazers.api.Repeater@6308cea3, lazers.api.Repeater@7779960, lazers.api.Repeater@17ed40e0, lazers.api.Repeater@de49ebf, lazers.api.Repeater@3930015a, lazers.api.Repeater@3ed0b529, lazers.api.Repeater@22a71081, lazers.api.Repeater@2d6a9952, lazers.api.Repeater@1b8fbd5c, lazers.api.Repeater@2471cca7, lazers.api.Repeater@5fe5c6f, lazers.api.Repeater@387c703b, lazers.api.Repeater@6343a8df, lazers.api.Repeater@2d6d7a4a, lazers.api.Emitter@71e7a66b]
Current:
lazers.api.Repeater@c39f790
Target
lazers.api.Repeater@2d6d7a4a
0
Rotating 23 toward 22
[38, 39, 40, 41, 42, 43, 44, 45, 46, 47, 48, 49, 50]
Target path is [lazers.api.Target@3ac42916, lazers.api.Repeater@2952fb3f, lazers.api.Repeater@200f3cd5, lazers.api.Repeater@31b7dea0, lazers.api.Repeater@50675690, lazers.api.Repeater@784701b9, lazers.api.Repeater@83177f0, lazers.api.Repeater@5d763b4d, lazers.api.Repeater@1b880d2d, lazers.api.Repeater@6308cea3, lazers.api.Repeater@7779960, lazers.api.Repeater@17ed40e0, lazers.api.Repeater@de49ebf, lazers.api.Repeater@3930015a, lazers.api.Repeater@3ed0b529, lazers.api.Repeater@22a71081, lazers.api.Repeater@2d6a9952, lazers.api.Repeater@1b8fbd5c, lazers.api.Repeater@2471cca7, lazers.api.Repeater@5fe5c6f, lazers.api.Repeater@387c703b, lazers.api.Repeater@6343a8df, lazers.api.Repeater@2d6d7a4a, lazers.api.Emitter@71e7a66b]
Current:
lazers.api.Repeater@c39f790
Target
lazers.api.Repeater@2d6d7a4a
0
Rotating 23 toward 22
[38, 39, 40, 41, 42, 43, 44, 45, 46, 47, 48, 49, 50]
Target path is [lazers.api.Target@3ac42916, lazers.api.Repeater@2952fb3f, lazers.api.Repeater@200f3cd5, lazers.api.Repeater@31b7dea0, lazers.api.Repeater@50675690, lazers.api.Repeater@784701b9, lazers.api.Repeater@83177f0, lazers.api.Repeater@5d763b4d, lazers.api.Repeater@1b880d2d, lazers.api.Repeater@6308cea3, lazers.api.Repeater@7779960, lazers.api.Repeater@17ed40e0, lazers.api.Repeater@de49ebf, lazers.api.Repeater@3930015a, lazers.api.Repeater@3ed0b529, lazers.api.Repeater@22a71081, lazers.api.Repeater@2d6a9952, lazers.api.Repeater@1b8fbd5c, lazers.api.Repeater@2471cca7, lazers.api.Repeater@5fe5c6f, lazers.api.Repeater@387c703b, lazers.api.Repeater@6343a8df, lazers.api.Repeater@2d6d7a4a, lazers.api.Emitter@71e7a66b]
Current:
lazers.api.Repeater@c39f790
Target
lazers.api.Repeater@2d6d7a4a
0
Rotating 23 toward 22
[38, 39, 40, 41, 42, 43, 44, 45, 46, 47, 48, 49, 50]
Target path is [lazers.api.Target@3ac42916, lazers.api.Repeater@2952fb3f, lazers.api.Repeater@200f3cd5, lazers.api.Repeater@31b7dea0, lazers.api.Repeater@50675690, lazers.api.Repeater@784701b9, lazers.api.Repeater@83177f0, lazers.api.Repeater@5d763b4d, lazers.api.Repeater@1b880d2d, lazers.api.Repeater@6308cea3, lazers.api.Repeater@7779960, lazers.api.Repeater@17ed40e0, lazers.api.Repeater@de49ebf, lazers.api.Repeater@3930015a, lazers.api.Repeater@3ed0b529, lazers.api.Repeater@22a71081, lazers.api.Repeater@2d6a9952, lazers.api.Repeater@1b8fbd5c, lazers.api.Repeater@2471cca7, lazers.api.Repeater@5fe5c6f, lazers.api.Repeater@387c703b, lazers.api.Repeater@6343a8df, lazers.api.Repeater@2d6d7a4a, lazers.api.Emitter@71e7a66b]
Current:
lazers.api.Repeater@c39f790
Target
lazers.api.Repeater@2d6d7a4a
0
Rotating 23 toward 22
[38, 39, 40, 41, 42, 43, 44, 45, 46, 47, 48, 49, 50]
Target path is [lazers.api.Target@3ac42916, lazers.api.Repeater@2952fb3f, lazers.api.Repeater@200f3cd5, lazers.api.Repeater@31b7dea0, lazers.api.Repeater@50675690, lazers.api.Repeater@784701b9, lazers.api.Repeater@83177f0, lazers.api.Repeater@5d763b4d, lazers.api.Repeater@1b880d2d, lazers.api.Repeater@6308cea3, lazers.api.Repeater@7779960, lazers.api.Repeater@17ed40e0, lazers.api.Repeater@de49ebf, lazers.api.Repeater@3930015a, lazers.api.Repeater@3ed0b529, lazers.api.Repeater@22a71081, lazers.api.Repeater@2d6a9952, lazers.api.Repeater@1b8fbd5c, lazers.api.Repeater@2471cca7, lazers.api.Repeater@5fe5c6f, lazers.api.Repeater@387c703b, lazers.api.Repeater@6343a8df, lazers.api.Repeater@2d6d7a4a, lazers.api.Emitter@71e7a66b]
Current:
lazers.api.Repeater@c39f790
Target
lazers.api.Repeater@2d6d7a4a
0
Rotating 23 toward 22
[38, 39, 40, 41, 42, 43, 44, 45, 46, 47, 48, 49, 50]
Target path is [lazers.api.Target@3ac42916, lazers.api.Repeater@2952fb3f, lazers.api.Repeater@200f3cd5, lazers.api.Repeater@31b7dea0, lazers.api.Repeater@50675690, lazers.api.Repeater@784701b9, lazers.api.Repeater@83177f0, lazers.api.Repeater@5d763b4d, lazers.api.Repeater@1b880d2d, lazers.api.Repeater@6308cea3, lazers.api.Repeater@7779960, lazers.api.Repeater@17ed40e0, lazers.api.Repeater@de49ebf, lazers.api.Repeater@3930015a, lazers.api.Repeater@3ed0b529, lazers.api.Repeater@22a71081, lazers.api.Repeater@2d6a9952, lazers.api.Repeater@1b8fbd5c, lazers.api.Repeater@2471cca7, lazers.api.Repeater@5fe5c6f, lazers.api.Repeater@387c703b, lazers.api.Repeater@6343a8df, lazers.api.Repeater@2d6d7a4a, lazers.api.Emitter@71e7a66b]
Current:
lazers.api.Repeater@c39f790
Target
lazers.api.Repeater@2d6d7a4a
0
Rotating 23 toward 22
[38, 39, 40, 41, 42, 43, 44, 45, 46, 47, 48, 49, 50]
Target path is [lazers.api.Target@3ac42916, lazers.api.Repeater@2952fb3f, lazers.api.Repeater@200f3cd5, lazers.api.Repeater@31b7dea0, lazers.api.Repeater@50675690, lazers.api.Repeater@784701b9, lazers.api.Repeater@83177f0, lazers.api.Repeater@5d763b4d, lazers.api.Repeater@1b880d2d, lazers.api.Repeater@6308cea3, lazers.api.Repeater@7779960, lazers.api.Repeater@17ed40e0, lazers.api.Repeater@de49ebf, lazers.api.Repeater@3930015a, lazers.api.Repeater@3ed0b529, lazers.api.Repeater@22a71081, lazers.api.Repeater@2d6a9952, lazers.api.Repeater@1b8fbd5c, lazers.api.Repeater@2471cca7, lazers.api.Repeater@5fe5c6f, lazers.api.Repeater@387c703b, lazers.api.Repeater@6343a8df, lazers.api.Repeater@2d6d7a4a, lazers.api.Emitter@71e7a66b]
Current:
lazers.api.Repeater@c39f790
Target
lazers.api.Repeater@2d6d7a4a
0
Rotating 23 toward 22
