java.util.ConcurrentModificationException
	at java.util.HashMap$HashIterator.nextNode(HashMap.java:1429)
	at java.util.HashMap$KeyIterator.next(HashMap.java:1453)
	at CompetitorAI.action(CompetitorAI.java:73)
	at bonzai.AIClient$AIThread.run(AIClient.java:150)
	at java.lang.Thread.run(Thread.java:745)
java.util.ConcurrentModificationException
	at java.util.HashMap$HashIterator.nextNode(HashMap.java:1429)
	at java.util.HashMap$KeyIterator.next(HashMap.java:1453)
	at CompetitorAI.action(CompetitorAI.java:73)
	at bonzai.AIClient$AIThread.run(AIClient.java:150)
	at java.lang.Thread.run(Thread.java:745)
java.util.ConcurrentModificationException
	at java.util.HashMap$HashIterator.nextNode(HashMap.java:1429)
	at java.util.HashMap$KeyIterator.next(HashMap.java:1453)
	at CompetitorAI.action(CompetitorAI.java:73)
	at bonzai.AIClient$AIThread.run(AIClient.java:150)
	at java.lang.Thread.run(Thread.java:745)
java.util.ConcurrentModificationException
	at java.util.HashMap$HashIterator.nextNode(HashMap.java:1429)
	at java.util.HashMap$KeyIterator.next(HashMap.java:1453)
	at CompetitorAI.action(CompetitorAI.java:73)
	at bonzai.AIClient$AIThread.run(AIClient.java:150)
	at java.lang.Thread.run(Thread.java:745)
java.util.ConcurrentModificationException
	at java.util.HashMap$HashIterator.nextNode(HashMap.java:1429)
	at java.util.HashMap$KeyIterator.next(HashMap.java:1453)
	at CompetitorAI.action(CompetitorAI.java:73)
	at bonzai.AIClient$AIThread.run(AIClient.java:150)
	at java.lang.Thread.run(Thread.java:745)
java.util.ConcurrentModificationException
	at java.util.HashMap$HashIterator.nextNode(HashMap.java:1429)
	at java.util.HashMap$KeyIterator.next(HashMap.java:1453)
	at CompetitorAI.action(CompetitorAI.java:73)
	at bonzai.AIClient$AIThread.run(AIClient.java:150)
	at java.lang.Thread.run(Thread.java:745)
java.util.ConcurrentModificationException
	at java.util.HashMap$HashIterator.nextNode(HashMap.java:1429)
	at java.util.HashMap$KeyIterator.next(HashMap.java:1453)
	at CompetitorAI.action(CompetitorAI.java:73)
	at bonzai.AIClient$AIThread.run(AIClient.java:150)
	at java.lang.Thread.run(Thread.java:745)
java.util.ConcurrentModificationException
	at java.util.HashMap$HashIterator.nextNode(HashMap.java:1429)
	at java.util.HashMap$KeyIterator.next(HashMap.java:1453)
	at CompetitorAI.action(CompetitorAI.java:73)
	at bonzai.AIClient$AIThread.run(AIClient.java:150)
	at java.lang.Thread.run(Thread.java:745)
java.util.ConcurrentModificationException
	at java.util.HashMap$HashIterator.nextNode(HashMap.java:1429)
	at java.util.HashMap$KeyIterator.next(HashMap.java:1453)
	at CompetitorAI.action(CompetitorAI.java:73)
	at bonzai.AIClient$AIThread.run(AIClient.java:150)
	at java.lang.Thread.run(Thread.java:745)
java.util.ConcurrentModificationException
	at java.util.HashMap$HashIterator.nextNode(HashMap.java:1429)
	at java.util.HashMap$KeyIterator.next(HashMap.java:1453)
	at CompetitorAI.action(CompetitorAI.java:73)
	at bonzai.AIClient$AIThread.run(AIClient.java:150)
	at java.lang.Thread.run(Thread.java:745)
java.util.ConcurrentModificationException
	at java.util.HashMap$HashIterator.nextNode(HashMap.java:1429)
	at java.util.HashMap$KeyIterator.next(HashMap.java:1453)
	at CompetitorAI.action(CompetitorAI.java:73)
	at bonzai.AIClient$AIThread.run(AIClient.java:150)
	at java.lang.Thread.run(Thread.java:745)
java.util.ConcurrentModificationException
	at java.util.HashMap$HashIterator.nextNode(HashMap.java:1429)
	at java.util.HashMap$KeyIterator.next(HashMap.java:1453)
	at CompetitorAI.action(CompetitorAI.java:73)
	at bonzai.AIClient$AIThread.run(AIClient.java:150)
	at java.lang.Thread.run(Thread.java:745)
java.util.ConcurrentModificationException
	at java.util.HashMap$HashIterator.nextNode(HashMap.java:1429)
	at java.util.HashMap$KeyIterator.next(HashMap.java:1453)
	at CompetitorAI.action(CompetitorAI.java:73)
	at bonzai.AIClient$AIThread.run(AIClient.java:150)
	at java.lang.Thread.run(Thread.java:745)
java.util.ConcurrentModificationException
	at java.util.HashMap$HashIterator.nextNode(HashMap.java:1429)
	at java.util.HashMap$KeyIterator.next(HashMap.java:1453)
	at CompetitorAI.action(CompetitorAI.java:73)
	at bonzai.AIClient$AIThread.run(AIClient.java:150)
	at java.lang.Thread.run(Thread.java:745)
java.util.ConcurrentModificationException
	at java.util.HashMap$HashIterator.nextNode(HashMap.java:1429)
	at java.util.HashMap$KeyIterator.next(HashMap.java:1453)
	at CompetitorAI.action(CompetitorAI.java:73)
	at bonzai.AIClient$AIThread.run(AIClient.java:150)
	at java.lang.Thread.run(Thread.java:745)
java.util.ConcurrentModificationException
	at java.util.HashMap$HashIterator.nextNode(HashMap.java:1429)
	at java.util.HashMap$KeyIterator.next(HashMap.java:1453)
	at CompetitorAI.action(CompetitorAI.java:73)
	at bonzai.AIClient$AIThread.run(AIClient.java:150)
	at java.lang.Thread.run(Thread.java:745)
java.util.ConcurrentModificationException
	at java.util.HashMap$HashIterator.nextNode(HashMap.java:1429)
	at java.util.HashMap$KeyIterator.next(HashMap.java:1453)
	at CompetitorAI.action(CompetitorAI.java:73)
	at bonzai.AIClient$AIThread.run(AIClient.java:150)
	at java.lang.Thread.run(Thread.java:745)
java.util.ConcurrentModificationException
	at java.util.HashMap$HashIterator.nextNode(HashMap.java:1429)
	at java.util.HashMap$KeyIterator.next(HashMap.java:1453)
	at CompetitorAI.action(CompetitorAI.java:73)
	at bonzai.AIClient$AIThread.run(AIClient.java:150)
	at java.lang.Thread.run(Thread.java:745)
java.util.ConcurrentModificationException
	at java.util.HashMap$HashIterator.nextNode(HashMap.java:1429)
	at java.util.HashMap$KeyIterator.next(HashMap.java:1453)
	at CompetitorAI.action(CompetitorAI.java:73)
	at bonzai.AIClient$AIThread.run(AIClient.java:150)
	at java.lang.Thread.run(Thread.java:745)
java.util.ConcurrentModificationException
	at java.util.HashMap$HashIterator.nextNode(HashMap.java:1429)
	at java.util.HashMap$KeyIterator.next(HashMap.java:1453)
	at CompetitorAI.action(CompetitorAI.java:73)
	at bonzai.AIClient$AIThread.run(AIClient.java:150)
	at java.lang.Thread.run(Thread.java:745)
java.util.ConcurrentModificationException
	at java.util.HashMap$HashIterator.nextNode(HashMap.java:1429)
	at java.util.HashMap$KeyIterator.next(HashMap.java:1453)
	at CompetitorAI.action(CompetitorAI.java:73)
	at bonzai.AIClient$AIThread.run(AIClient.java:150)
	at java.lang.Thread.run(Thread.java:745)
java.util.ConcurrentModificationException
	at java.util.HashMap$HashIterator.nextNode(HashMap.java:1429)
	at java.util.HashMap$KeyIterator.next(HashMap.java:1453)
	at CompetitorAI.action(CompetitorAI.java:73)
	at bonzai.AIClient$AIThread.run(AIClient.java:150)
	at java.lang.Thread.run(Thread.java:745)
java.util.ConcurrentModificationException
	at java.util.HashMap$HashIterator.nextNode(HashMap.java:1429)
	at java.util.HashMap$KeyIterator.next(HashMap.java:1453)
	at CompetitorAI.action(CompetitorAI.java:73)
	at bonzai.AIClient$AIThread.run(AIClient.java:150)
	at java.lang.Thread.run(Thread.java:745)
java.util.ConcurrentModificationException
	at java.util.HashMap$HashIterator.nextNode(HashMap.java:1429)
	at java.util.HashMap$KeyIterator.next(HashMap.java:1453)
	at CompetitorAI.action(CompetitorAI.java:73)
	at bonzai.AIClient$AIThread.run(AIClient.java:150)
	at java.lang.Thread.run(Thread.java:745)
java.util.ConcurrentModificationException
	at java.util.HashMap$HashIterator.nextNode(HashMap.java:1429)
	at java.util.HashMap$KeyIterator.next(HashMap.java:1453)
	at CompetitorAI.action(CompetitorAI.java:73)
	at bonzai.AIClient$AIThread.run(AIClient.java:150)
	at java.lang.Thread.run(Thread.java:745)
java.util.ConcurrentModificationException
	at java.util.HashMap$HashIterator.nextNode(HashMap.java:1429)
	at java.util.HashMap$KeyIterator.next(HashMap.java:1453)
	at CompetitorAI.action(CompetitorAI.java:73)
	at bonzai.AIClient$AIThread.run(AIClient.java:150)
	at java.lang.Thread.run(Thread.java:745)
java.util.ConcurrentModificationException
	at java.util.HashMap$HashIterator.nextNode(HashMap.java:1429)
	at java.util.HashMap$KeyIterator.next(HashMap.java:1453)
	at CompetitorAI.action(CompetitorAI.java:73)
	at bonzai.AIClient$AIThread.run(AIClient.java:150)
	at java.lang.Thread.run(Thread.java:745)
java.util.ConcurrentModificationException
	at java.util.HashMap$HashIterator.nextNode(HashMap.java:1429)
	at java.util.HashMap$KeyIterator.next(HashMap.java:1453)
	at CompetitorAI.action(CompetitorAI.java:73)
	at bonzai.AIClient$AIThread.run(AIClient.java:150)
	at java.lang.Thread.run(Thread.java:745)
java.util.ConcurrentModificationException
	at java.util.HashMap$HashIterator.nextNode(HashMap.java:1429)
	at java.util.HashMap$KeyIterator.next(HashMap.java:1453)
	at CompetitorAI.action(CompetitorAI.java:73)
	at bonzai.AIClient$AIThread.run(AIClient.java:150)
	at java.lang.Thread.run(Thread.java:745)
java.util.ConcurrentModificationException
	at java.util.HashMap$HashIterator.nextNode(HashMap.java:1429)
	at java.util.HashMap$KeyIterator.next(HashMap.java:1453)
	at CompetitorAI.action(CompetitorAI.java:73)
	at bonzai.AIClient$AIThread.run(AIClient.java:150)
	at java.lang.Thread.run(Thread.java:745)
java.util.ConcurrentModificationException
	at java.util.HashMap$HashIterator.nextNode(HashMap.java:1429)
	at java.util.HashMap$KeyIterator.next(HashMap.java:1453)
	at CompetitorAI.action(CompetitorAI.java:73)
	at bonzai.AIClient$AIThread.run(AIClient.java:150)
	at java.lang.Thread.run(Thread.java:745)
java.util.ConcurrentModificationException
	at java.util.HashMap$HashIterator.nextNode(HashMap.java:1429)
	at java.util.HashMap$KeyIterator.next(HashMap.java:1453)
	at CompetitorAI.action(CompetitorAI.java:73)
	at bonzai.AIClient$AIThread.run(AIClient.java:150)
	at java.lang.Thread.run(Thread.java:745)
java.util.ConcurrentModificationException
	at java.util.HashMap$HashIterator.nextNode(HashMap.java:1429)
	at java.util.HashMap$KeyIterator.next(HashMap.java:1453)
	at CompetitorAI.action(CompetitorAI.java:73)
	at bonzai.AIClient$AIThread.run(AIClient.java:150)
	at java.lang.Thread.run(Thread.java:745)
java.util.ConcurrentModificationException
	at java.util.HashMap$HashIterator.nextNode(HashMap.java:1429)
	at java.util.HashMap$KeyIterator.next(HashMap.java:1453)
	at CompetitorAI.action(CompetitorAI.java:73)
	at bonzai.AIClient$AIThread.run(AIClient.java:150)
	at java.lang.Thread.run(Thread.java:745)
java.util.ConcurrentModificationException
	at java.util.HashMap$HashIterator.nextNode(HashMap.java:1429)
	at java.util.HashMap$KeyIterator.next(HashMap.java:1453)
	at CompetitorAI.action(CompetitorAI.java:73)
	at bonzai.AIClient$AIThread.run(AIClient.java:150)
	at java.lang.Thread.run(Thread.java:745)
java.util.ConcurrentModificationException
	at java.util.HashMap$HashIterator.nextNode(HashMap.java:1429)
	at java.util.HashMap$KeyIterator.next(HashMap.java:1453)
	at CompetitorAI.action(CompetitorAI.java:73)
	at bonzai.AIClient$AIThread.run(AIClient.java:150)
	at java.lang.Thread.run(Thread.java:745)
java.util.ConcurrentModificationException
	at java.util.HashMap$HashIterator.nextNode(HashMap.java:1429)
	at java.util.HashMap$KeyIterator.next(HashMap.java:1453)
	at CompetitorAI.action(CompetitorAI.java:73)
	at bonzai.AIClient$AIThread.run(AIClient.java:150)
	at java.lang.Thread.run(Thread.java:745)
java.util.ConcurrentModificationException
	at java.util.HashMap$HashIterator.nextNode(HashMap.java:1429)
	at java.util.HashMap$KeyIterator.next(HashMap.java:1453)
	at CompetitorAI.action(CompetitorAI.java:73)
	at bonzai.AIClient$AIThread.run(AIClient.java:150)
	at java.lang.Thread.run(Thread.java:745)
java.util.ConcurrentModificationException
	at java.util.HashMap$HashIterator.nextNode(HashMap.java:1429)
	at java.util.HashMap$KeyIterator.next(HashMap.java:1453)
	at CompetitorAI.action(CompetitorAI.java:73)
	at bonzai.AIClient$AIThread.run(AIClient.java:150)
	at java.lang.Thread.run(Thread.java:745)
java.util.ConcurrentModificationException
	at java.util.HashMap$HashIterator.nextNode(HashMap.java:1429)
	at java.util.HashMap$KeyIterator.next(HashMap.java:1453)
	at CompetitorAI.action(CompetitorAI.java:73)
	at bonzai.AIClient$AIThread.run(AIClient.java:150)
	at java.lang.Thread.run(Thread.java:745)
java.util.ConcurrentModificationException
	at java.util.HashMap$HashIterator.nextNode(HashMap.java:1429)
	at java.util.HashMap$KeyIterator.next(HashMap.java:1453)
	at CompetitorAI.action(CompetitorAI.java:73)
	at bonzai.AIClient$AIThread.run(AIClient.java:150)
	at java.lang.Thread.run(Thread.java:745)
java.util.ConcurrentModificationException
	at java.util.HashMap$HashIterator.nextNode(HashMap.java:1429)
	at java.util.HashMap$KeyIterator.next(HashMap.java:1453)
	at CompetitorAI.action(CompetitorAI.java:73)
	at bonzai.AIClient$AIThread.run(AIClient.java:150)
	at java.lang.Thread.run(Thread.java:745)
