[38, 39, 40, 41, 42, 43, 44, 45, 46, 47, 48, 49, 50]
Target path is [lazers.api.Target@3ec2d486, lazers.api.Repeater@4abe744e, lazers.api.Repeater@3aaf8990, lazers.api.Repeater@29ad8f9, lazers.api.Repeater@de0a01f, lazers.api.Repeater@23cf49e, lazers.api.Repeater@27c82efd, lazers.api.Repeater@3f53fe0a, lazers.api.Repeater@763d9750, lazers.api.Repeater@67674430, lazers.api.Repeater@17ed40e0, lazers.api.Repeater@d70c109, lazers.api.Repeater@260e255f, lazers.api.Repeater@2d6d8735, lazers.api.Repeater@6aceb1a5, lazers.api.Repeater@12bc6874, lazers.api.Repeater@3234410, lazers.api.Repeater@9db2f60, lazers.api.Emitter@6979e8cb]
Current:
lazers.api.Repeater@1ef7fe8e
Target
lazers.api.Repeater@9db2f60
0
Rotating 18 toward 17
[38, 39, 40, 41, 42, 43, 44, 45, 46, 47, 48, 49, 50]
Target path is [lazers.api.Target@3ec2d486, lazers.api.Repeater@4abe744e, lazers.api.Repeater@3aaf8990, lazers.api.Repeater@29ad8f9, lazers.api.Repeater@de0a01f, lazers.api.Repeater@23cf49e, lazers.api.Repeater@27c82efd, lazers.api.Repeater@3f53fe0a, lazers.api.Repeater@763d9750, lazers.api.Repeater@67674430, lazers.api.Repeater@17ed40e0, lazers.api.Repeater@d70c109, lazers.api.Repeater@260e255f, lazers.api.Repeater@2d6d8735, lazers.api.Repeater@6aceb1a5, lazers.api.Repeater@12bc6874, lazers.api.Repeater@3234410, lazers.api.Repeater@9db2f60, lazers.api.Emitter@6979e8cb]
Current:
lazers.api.Repeater@1ef7fe8e
Target
lazers.api.Repeater@9db2f60
0
Rotating 18 toward 17
[38, 39, 40, 41, 42, 43, 44, 45, 46, 47, 48, 49, 50]
Target path is [lazers.api.Target@3ec2d486, lazers.api.Repeater@4abe744e, lazers.api.Repeater@3aaf8990, lazers.api.Repeater@29ad8f9, lazers.api.Repeater@de0a01f, lazers.api.Repeater@23cf49e, lazers.api.Repeater@27c82efd, lazers.api.Repeater@3f53fe0a, lazers.api.Repeater@763d9750, lazers.api.Repeater@67674430, lazers.api.Repeater@17ed40e0, lazers.api.Repeater@d70c109, lazers.api.Repeater@260e255f, lazers.api.Repeater@2d6d8735, lazers.api.Repeater@6aceb1a5, lazers.api.Repeater@12bc6874, lazers.api.Repeater@3234410, lazers.api.Repeater@9db2f60, lazers.api.Emitter@6979e8cb]
Current:
lazers.api.Repeater@1ef7fe8e
Target
lazers.api.Repeater@9db2f60
0
Rotating 18 toward 17
[38, 39, 40, 41, 42, 43, 44, 45, 46, 47, 48, 49, 50]
Target path is [lazers.api.Target@3ec2d486, lazers.api.Repeater@4abe744e, lazers.api.Repeater@3aaf8990, lazers.api.Repeater@29ad8f9, lazers.api.Repeater@de0a01f, lazers.api.Repeater@23cf49e, lazers.api.Repeater@27c82efd, lazers.api.Repeater@3f53fe0a, lazers.api.Repeater@763d9750, lazers.api.Repeater@67674430, lazers.api.Repeater@17ed40e0, lazers.api.Repeater@d70c109, lazers.api.Repeater@260e255f, lazers.api.Repeater@2d6d8735, lazers.api.Repeater@6aceb1a5, lazers.api.Repeater@12bc6874, lazers.api.Repeater@3234410, lazers.api.Repeater@9db2f60, lazers.api.Emitter@6979e8cb]
Current:
lazers.api.Repeater@1ef7fe8e
Target
lazers.api.Repeater@9db2f60
0
Rotating 18 toward 17
[38, 39, 40, 41, 42, 43, 44, 45, 46, 47, 48, 49, 50]
Target path is [lazers.api.Target@3ec2d486, lazers.api.Repeater@4abe744e, lazers.api.Repeater@3aaf8990, lazers.api.Repeater@29ad8f9, lazers.api.Repeater@de0a01f, lazers.api.Repeater@23cf49e, lazers.api.Repeater@27c82efd, lazers.api.Repeater@3f53fe0a, lazers.api.Repeater@763d9750, lazers.api.Repeater@67674430, lazers.api.Repeater@17ed40e0, lazers.api.Repeater@d70c109, lazers.api.Repeater@260e255f, lazers.api.Repeater@2d6d8735, lazers.api.Repeater@6aceb1a5, lazers.api.Repeater@12bc6874, lazers.api.Repeater@3234410, lazers.api.Repeater@9db2f60, lazers.api.Emitter@6979e8cb]
Current:
lazers.api.Repeater@1ef7fe8e
Target
lazers.api.Repeater@9db2f60
0
Rotating 18 toward 17
[38, 39, 40, 41, 42, 43, 44, 45, 46, 47, 48, 49, 50]
Target path is [lazers.api.Target@3ec2d486, lazers.api.Repeater@4abe744e, lazers.api.Repeater@3aaf8990, lazers.api.Repeater@29ad8f9, lazers.api.Repeater@de0a01f, lazers.api.Repeater@23cf49e, lazers.api.Repeater@27c82efd, lazers.api.Repeater@3f53fe0a, lazers.api.Repeater@763d9750, lazers.api.Repeater@67674430, lazers.api.Repeater@17ed40e0, lazers.api.Repeater@d70c109, lazers.api.Repeater@260e255f, lazers.api.Repeater@2d6d8735, lazers.api.Repeater@6aceb1a5, lazers.api.Repeater@12bc6874, lazers.api.Repeater@3234410, lazers.api.Repeater@9db2f60, lazers.api.Emitter@6979e8cb]
Current:
lazers.api.Repeater@1ef7fe8e
Target
lazers.api.Repeater@9db2f60
0
Rotating 18 toward 17
[38, 39, 40, 41, 42, 43, 44, 45, 46, 47, 48, 49, 50]
Target path is [lazers.api.Target@3ec2d486, lazers.api.Repeater@4abe744e, lazers.api.Repeater@3aaf8990, lazers.api.Repeater@29ad8f9, lazers.api.Repeater@de0a01f, lazers.api.Repeater@23cf49e, lazers.api.Repeater@27c82efd, lazers.api.Repeater@3f53fe0a, lazers.api.Repeater@763d9750, lazers.api.Repeater@67674430, lazers.api.Repeater@17ed40e0, lazers.api.Repeater@d70c109, lazers.api.Repeater@260e255f, lazers.api.Repeater@2d6d8735, lazers.api.Repeater@6aceb1a5, lazers.api.Repeater@12bc6874, lazers.api.Repeater@3234410, lazers.api.Repeater@9db2f60, lazers.api.Emitter@6979e8cb]
Current:
lazers.api.Repeater@1ef7fe8e
Target
lazers.api.Repeater@9db2f60
0
Rotating 18 toward 17
[38, 39, 40, 41, 42, 43, 44, 45, 46, 47, 48, 49, 50]
Target path is [lazers.api.Target@3ec2d486, lazers.api.Repeater@4abe744e, lazers.api.Repeater@3aaf8990, lazers.api.Repeater@29ad8f9, lazers.api.Repeater@de0a01f, lazers.api.Repeater@23cf49e, lazers.api.Repeater@27c82efd, lazers.api.Repeater@3f53fe0a, lazers.api.Repeater@763d9750, lazers.api.Repeater@67674430, lazers.api.Repeater@17ed40e0, lazers.api.Repeater@d70c109, lazers.api.Repeater@260e255f, lazers.api.Repeater@2d6d8735, lazers.api.Repeater@6aceb1a5, lazers.api.Repeater@12bc6874, lazers.api.Repeater@3234410, lazers.api.Repeater@9db2f60, lazers.api.Emitter@6979e8cb]
Current:
lazers.api.Repeater@1ef7fe8e
Target
lazers.api.Repeater@9db2f60
0
Rotating 18 toward 17
[38, 39, 40, 41, 42, 43, 44, 45, 46, 47, 48, 49, 50]
Target path is [lazers.api.Target@3ec2d486, lazers.api.Repeater@4abe744e, lazers.api.Repeater@3aaf8990, lazers.api.Repeater@29ad8f9, lazers.api.Repeater@de0a01f, lazers.api.Repeater@23cf49e, lazers.api.Repeater@27c82efd, lazers.api.Repeater@3f53fe0a, lazers.api.Repeater@763d9750, lazers.api.Repeater@67674430, lazers.api.Repeater@17ed40e0, lazers.api.Repeater@d70c109, lazers.api.Repeater@260e255f, lazers.api.Repeater@2d6d8735, lazers.api.Repeater@6aceb1a5, lazers.api.Repeater@12bc6874, lazers.api.Repeater@3234410, lazers.api.Repeater@9db2f60, lazers.api.Emitter@6979e8cb]
Current:
lazers.api.Repeater@1ef7fe8e
Target
lazers.api.Repeater@9db2f60
0
Rotating 18 toward 17
[38, 39, 40, 41, 42, 43, 44, 45, 46, 47, 48, 49, 50]
Target path is [lazers.api.Target@3ec2d486, lazers.api.Repeater@4abe744e, lazers.api.Repeater@3aaf8990, lazers.api.Repeater@29ad8f9, lazers.api.Repeater@de0a01f, lazers.api.Repeater@23cf49e, lazers.api.Repeater@27c82efd, lazers.api.Repeater@3f53fe0a, lazers.api.Repeater@763d9750, lazers.api.Repeater@67674430, lazers.api.Repeater@17ed40e0, lazers.api.Repeater@d70c109, lazers.api.Repeater@260e255f, lazers.api.Repeater@2d6d8735, lazers.api.Repeater@6aceb1a5, lazers.api.Repeater@12bc6874, lazers.api.Repeater@3234410, lazers.api.Repeater@9db2f60, lazers.api.Emitter@6979e8cb]
Current:
lazers.api.Repeater@1ef7fe8e
Target
lazers.api.Repeater@9db2f60
0
Rotating 18 toward 17
[38, 39, 40, 41, 42, 43, 44, 45, 46, 47, 48, 49, 50]
Target path is [lazers.api.Target@3ec2d486, lazers.api.Repeater@4abe744e, lazers.api.Repeater@3aaf8990, lazers.api.Repeater@29ad8f9, lazers.api.Repeater@de0a01f, lazers.api.Repeater@23cf49e, lazers.api.Repeater@27c82efd, lazers.api.Repeater@3f53fe0a, lazers.api.Repeater@763d9750, lazers.api.Repeater@67674430, lazers.api.Repeater@17ed40e0, lazers.api.Repeater@d70c109, lazers.api.Repeater@260e255f, lazers.api.Repeater@2d6d8735, lazers.api.Repeater@6aceb1a5, lazers.api.Repeater@12bc6874, lazers.api.Repeater@3234410, lazers.api.Repeater@9db2f60, lazers.api.Emitter@6979e8cb]
Current:
lazers.api.Repeater@1ef7fe8e
Target
lazers.api.Repeater@9db2f60
0
Rotating 18 toward 17
[38, 39, 40, 41, 42, 43, 44, 45, 46, 47, 48, 49, 50]
Target path is [lazers.api.Target@3ec2d486, lazers.api.Repeater@4abe744e, lazers.api.Repeater@3aaf8990, lazers.api.Repeater@29ad8f9, lazers.api.Repeater@de0a01f, lazers.api.Repeater@23cf49e, lazers.api.Repeater@27c82efd, lazers.api.Repeater@3f53fe0a, lazers.api.Repeater@763d9750, lazers.api.Repeater@67674430, lazers.api.Repeater@17ed40e0, lazers.api.Repeater@d70c109, lazers.api.Repeater@260e255f, lazers.api.Repeater@2d6d8735, lazers.api.Repeater@6aceb1a5, lazers.api.Repeater@12bc6874, lazers.api.Repeater@3234410, lazers.api.Repeater@9db2f60, lazers.api.Emitter@6979e8cb]
Current:
lazers.api.Repeater@1ef7fe8e
Target
lazers.api.Repeater@9db2f60
0
Rotating 18 toward 17
[38, 39, 40, 41, 42, 43, 44, 45, 46, 47, 48, 49, 50]
Target path is [lazers.api.Target@3ec2d486, lazers.api.Repeater@4abe744e, lazers.api.Repeater@3aaf8990, lazers.api.Repeater@29ad8f9, lazers.api.Repeater@de0a01f, lazers.api.Repeater@23cf49e, lazers.api.Repeater@27c82efd, lazers.api.Repeater@3f53fe0a, lazers.api.Repeater@763d9750, lazers.api.Repeater@67674430, lazers.api.Repeater@17ed40e0, lazers.api.Repeater@d70c109, lazers.api.Repeater@260e255f, lazers.api.Repeater@2d6d8735, lazers.api.Repeater@6aceb1a5, lazers.api.Repeater@12bc6874, lazers.api.Repeater@3234410, lazers.api.Repeater@9db2f60, lazers.api.Emitter@6979e8cb]
Current:
lazers.api.Repeater@1ef7fe8e
Target
lazers.api.Repeater@9db2f60
0
Rotating 18 toward 17
[38, 39, 40, 41, 42, 43, 44, 45, 46, 47, 48, 49, 50]
Target path is [lazers.api.Target@3ec2d486, lazers.api.Repeater@4abe744e, lazers.api.Repeater@3aaf8990, lazers.api.Repeater@29ad8f9, lazers.api.Repeater@de0a01f, lazers.api.Repeater@23cf49e, lazers.api.Repeater@27c82efd, lazers.api.Repeater@3f53fe0a, lazers.api.Repeater@763d9750, lazers.api.Repeater@67674430, lazers.api.Repeater@17ed40e0, lazers.api.Repeater@d70c109, lazers.api.Repeater@260e255f, lazers.api.Repeater@2d6d8735, lazers.api.Repeater@6aceb1a5, lazers.api.Repeater@12bc6874, lazers.api.Repeater@3234410, lazers.api.Repeater@9db2f60, lazers.api.Emitter@6979e8cb]
Current:
lazers.api.Repeater@1ef7fe8e
Target
lazers.api.Repeater@9db2f60
0
Rotating 18 toward 17
[38, 39, 40, 41, 42, 43, 44, 45, 46, 47, 48, 49, 50]
Target path is [lazers.api.Target@3ec2d486, lazers.api.Repeater@4abe744e, lazers.api.Repeater@3aaf8990, lazers.api.Repeater@29ad8f9, lazers.api.Repeater@de0a01f, lazers.api.Repeater@23cf49e, lazers.api.Repeater@27c82efd, lazers.api.Repeater@3f53fe0a, lazers.api.Repeater@763d9750, lazers.api.Repeater@67674430, lazers.api.Repeater@17ed40e0, lazers.api.Repeater@d70c109, lazers.api.Repeater@260e255f, lazers.api.Repeater@2d6d8735, lazers.api.Repeater@6aceb1a5, lazers.api.Repeater@12bc6874, lazers.api.Repeater@3234410, lazers.api.Repeater@9db2f60, lazers.api.Emitter@6979e8cb]
Current:
lazers.api.Repeater@1ef7fe8e
Target
lazers.api.Repeater@9db2f60
0
Rotating 18 toward 17
[38, 39, 40, 41, 42, 43, 44, 45, 46, 47, 48, 49, 50]
Target path is [lazers.api.Target@3ec2d486, lazers.api.Repeater@4abe744e, lazers.api.Repeater@3aaf8990, lazers.api.Repeater@29ad8f9, lazers.api.Repeater@de0a01f, lazers.api.Repeater@23cf49e, lazers.api.Repeater@27c82efd, lazers.api.Repeater@3f53fe0a, lazers.api.Repeater@763d9750, lazers.api.Repeater@67674430, lazers.api.Repeater@17ed40e0, lazers.api.Repeater@d70c109, lazers.api.Repeater@260e255f, lazers.api.Repeater@2d6d8735, lazers.api.Repeater@6aceb1a5, lazers.api.Repeater@12bc6874, lazers.api.Repeater@3234410, lazers.api.Repeater@9db2f60, lazers.api.Emitter@6979e8cb]
Current:
lazers.api.Repeater@1ef7fe8e
Target
lazers.api.Repeater@9db2f60
0
Rotating 18 toward 17
[38, 39, 40, 41, 42, 43, 44, 45, 46, 47, 48, 49, 50]
Target path is [lazers.api.Target@3ec2d486, lazers.api.Repeater@4abe744e, lazers.api.Repeater@3aaf8990, lazers.api.Repeater@29ad8f9, lazers.api.Repeater@de0a01f, lazers.api.Repeater@23cf49e, lazers.api.Repeater@27c82efd, lazers.api.Repeater@3f53fe0a, lazers.api.Repeater@763d9750, lazers.api.Repeater@67674430, lazers.api.Repeater@17ed40e0, lazers.api.Repeater@d70c109, lazers.api.Repeater@260e255f, lazers.api.Repeater@2d6d8735, lazers.api.Repeater@6aceb1a5, lazers.api.Repeater@12bc6874, lazers.api.Repeater@3234410, lazers.api.Repeater@9db2f60, lazers.api.Emitter@6979e8cb]
Current:
lazers.api.Repeater@1ef7fe8e
Target
lazers.api.Repeater@9db2f60
0
Rotating 18 toward 17
[38, 39, 40, 41, 42, 43, 44, 45, 46, 47, 48, 49, 50]
Target path is [lazers.api.Target@3ec2d486, lazers.api.Repeater@4abe744e, lazers.api.Repeater@3aaf8990, lazers.api.Repeater@29ad8f9, lazers.api.Repeater@de0a01f, lazers.api.Repeater@23cf49e, lazers.api.Repeater@27c82efd, lazers.api.Repeater@3f53fe0a, lazers.api.Repeater@763d9750, lazers.api.Repeater@67674430, lazers.api.Repeater@17ed40e0, lazers.api.Repeater@d70c109, lazers.api.Repeater@260e255f, lazers.api.Repeater@2d6d8735, lazers.api.Repeater@6aceb1a5, lazers.api.Repeater@12bc6874, lazers.api.Repeater@3234410, lazers.api.Repeater@9db2f60, lazers.api.Emitter@6979e8cb]
Current:
lazers.api.Repeater@1ef7fe8e
Target
lazers.api.Repeater@9db2f60
0
Rotating 18 toward 17
[38, 39, 40, 41, 42, 43, 44, 45, 46, 47, 48, 49, 50]
Target path is [lazers.api.Target@3ec2d486, lazers.api.Repeater@4abe744e, lazers.api.Repeater@3aaf8990, lazers.api.Repeater@29ad8f9, lazers.api.Repeater@de0a01f, lazers.api.Repeater@23cf49e, lazers.api.Repeater@27c82efd, lazers.api.Repeater@3f53fe0a, lazers.api.Repeater@763d9750, lazers.api.Repeater@67674430, lazers.api.Repeater@17ed40e0, lazers.api.Repeater@d70c109, lazers.api.Repeater@260e255f, lazers.api.Repeater@2d6d8735, lazers.api.Repeater@6aceb1a5, lazers.api.Repeater@12bc6874, lazers.api.Repeater@3234410, lazers.api.Repeater@9db2f60, lazers.api.Emitter@6979e8cb]
Current:
lazers.api.Repeater@1ef7fe8e
Target
lazers.api.Repeater@9db2f60
0
Rotating 18 toward 17
[38, 39, 40, 41, 42, 43, 44, 45, 46, 47, 48, 49, 50]
Target path is [lazers.api.Target@3ec2d486, lazers.api.Repeater@4abe744e, lazers.api.Repeater@3aaf8990, lazers.api.Repeater@29ad8f9, lazers.api.Repeater@de0a01f, lazers.api.Repeater@23cf49e, lazers.api.Repeater@27c82efd, lazers.api.Repeater@3f53fe0a, lazers.api.Repeater@763d9750, lazers.api.Repeater@67674430, lazers.api.Repeater@17ed40e0, lazers.api.Repeater@d70c109, lazers.api.Repeater@260e255f, lazers.api.Repeater@2d6d8735, lazers.api.Repeater@6aceb1a5, lazers.api.Repeater@12bc6874, lazers.api.Repeater@3234410, lazers.api.Repeater@9db2f60, lazers.api.Emitter@6979e8cb]
Current:
lazers.api.Repeater@1ef7fe8e
Target
lazers.api.Repeater@9db2f60
0
Rotating 18 toward 17
[38, 39, 40, 41, 42, 43, 44, 45, 46, 47, 48, 49, 50]
Target path is [lazers.api.Target@3ec2d486, lazers.api.Repeater@4abe744e, lazers.api.Repeater@3aaf8990, lazers.api.Repeater@29ad8f9, lazers.api.Repeater@de0a01f, lazers.api.Repeater@23cf49e, lazers.api.Repeater@27c82efd, lazers.api.Repeater@3f53fe0a, lazers.api.Repeater@763d9750, lazers.api.Repeater@67674430, lazers.api.Repeater@17ed40e0, lazers.api.Repeater@d70c109, lazers.api.Repeater@260e255f, lazers.api.Repeater@2d6d8735, lazers.api.Repeater@6aceb1a5, lazers.api.Repeater@12bc6874, lazers.api.Repeater@3234410, lazers.api.Repeater@9db2f60, lazers.api.Emitter@6979e8cb]
Current:
lazers.api.Repeater@1ef7fe8e
Target
lazers.api.Repeater@9db2f60
0
Rotating 18 toward 17
[38, 39, 40, 41, 42, 43, 44, 45, 46, 47, 48, 49, 50]
Target path is [lazers.api.Target@3ec2d486, lazers.api.Repeater@4abe744e, lazers.api.Repeater@3aaf8990, lazers.api.Repeater@29ad8f9, lazers.api.Repeater@de0a01f, lazers.api.Repeater@23cf49e, lazers.api.Repeater@27c82efd, lazers.api.Repeater@3f53fe0a, lazers.api.Repeater@763d9750, lazers.api.Repeater@67674430, lazers.api.Repeater@17ed40e0, lazers.api.Repeater@d70c109, lazers.api.Repeater@260e255f, lazers.api.Repeater@2d6d8735, lazers.api.Repeater@6aceb1a5, lazers.api.Repeater@12bc6874, lazers.api.Repeater@3234410, lazers.api.Repeater@9db2f60, lazers.api.Emitter@6979e8cb]
Current:
lazers.api.Repeater@1ef7fe8e
Target
lazers.api.Repeater@9db2f60
0
Rotating 18 toward 17
[38, 39, 40, 41, 42, 43, 44, 45, 46, 47, 48, 49, 50]
Target path is [lazers.api.Target@3ec2d486, lazers.api.Repeater@4abe744e, lazers.api.Repeater@3aaf8990, lazers.api.Repeater@29ad8f9, lazers.api.Repeater@de0a01f, lazers.api.Repeater@23cf49e, lazers.api.Repeater@27c82efd, lazers.api.Repeater@3f53fe0a, lazers.api.Repeater@763d9750, lazers.api.Repeater@67674430, lazers.api.Repeater@17ed40e0, lazers.api.Repeater@d70c109, lazers.api.Repeater@260e255f, lazers.api.Repeater@2d6d8735, lazers.api.Repeater@6aceb1a5, lazers.api.Repeater@12bc6874, lazers.api.Repeater@3234410, lazers.api.Repeater@9db2f60, lazers.api.Emitter@6979e8cb]
Current:
lazers.api.Repeater@1ef7fe8e
Target
lazers.api.Repeater@9db2f60
0
Rotating 18 toward 17
[38, 39, 40, 41, 42, 43, 44, 45, 46, 47, 48, 49, 50]
Target path is [lazers.api.Target@3ec2d486, lazers.api.Repeater@4abe744e, lazers.api.Repeater@3aaf8990, lazers.api.Repeater@29ad8f9, lazers.api.Repeater@de0a01f, lazers.api.Repeater@23cf49e, lazers.api.Repeater@27c82efd, lazers.api.Repeater@3f53fe0a, lazers.api.Repeater@763d9750, lazers.api.Repeater@67674430, lazers.api.Repeater@17ed40e0, lazers.api.Repeater@d70c109, lazers.api.Repeater@260e255f, lazers.api.Repeater@2d6d8735, lazers.api.Repeater@6aceb1a5, lazers.api.Repeater@12bc6874, lazers.api.Repeater@3234410, lazers.api.Repeater@9db2f60, lazers.api.Emitter@6979e8cb]
Current:
lazers.api.Repeater@1ef7fe8e
Target
lazers.api.Repeater@9db2f60
0
Rotating 18 toward 17
[38, 39, 40, 41, 42, 43, 44, 45, 46, 47, 48, 49, 50]
Target path is [lazers.api.Target@3ec2d486, lazers.api.Repeater@4abe744e, lazers.api.Repeater@3aaf8990, lazers.api.Repeater@29ad8f9, lazers.api.Repeater@de0a01f, lazers.api.Repeater@23cf49e, lazers.api.Repeater@27c82efd, lazers.api.Repeater@3f53fe0a, lazers.api.Repeater@763d9750, lazers.api.Repeater@67674430, lazers.api.Repeater@17ed40e0, lazers.api.Repeater@d70c109, lazers.api.Repeater@260e255f, lazers.api.Repeater@2d6d8735, lazers.api.Repeater@6aceb1a5, lazers.api.Repeater@12bc6874, lazers.api.Repeater@3234410, lazers.api.Repeater@9db2f60, lazers.api.Emitter@6979e8cb]
Current:
lazers.api.Repeater@1ef7fe8e
Target
lazers.api.Repeater@9db2f60
0
Rotating 18 toward 17
[38, 39, 40, 41, 42, 43, 44, 45, 46, 47, 48, 49, 50]
Target path is [lazers.api.Target@3ec2d486, lazers.api.Repeater@4abe744e, lazers.api.Repeater@3aaf8990, lazers.api.Repeater@29ad8f9, lazers.api.Repeater@de0a01f, lazers.api.Repeater@23cf49e, lazers.api.Repeater@27c82efd, lazers.api.Repeater@3f53fe0a, lazers.api.Repeater@763d9750, lazers.api.Repeater@67674430, lazers.api.Repeater@17ed40e0, lazers.api.Repeater@d70c109, lazers.api.Repeater@260e255f, lazers.api.Repeater@2d6d8735, lazers.api.Repeater@6aceb1a5, lazers.api.Repeater@12bc6874, lazers.api.Repeater@3234410, lazers.api.Repeater@9db2f60, lazers.api.Emitter@6979e8cb]
Current:
lazers.api.Repeater@1ef7fe8e
Target
lazers.api.Repeater@9db2f60
0
Rotating 18 toward 17
[38, 39, 40, 41, 42, 43, 44, 45, 46, 47, 48, 49, 50]
Target path is [lazers.api.Target@3ec2d486, lazers.api.Repeater@4abe744e, lazers.api.Repeater@3aaf8990, lazers.api.Repeater@29ad8f9, lazers.api.Repeater@de0a01f, lazers.api.Repeater@23cf49e, lazers.api.Repeater@27c82efd, lazers.api.Repeater@3f53fe0a, lazers.api.Repeater@763d9750, lazers.api.Repeater@67674430, lazers.api.Repeater@17ed40e0, lazers.api.Repeater@d70c109, lazers.api.Repeater@260e255f, lazers.api.Repeater@2d6d8735, lazers.api.Repeater@6aceb1a5, lazers.api.Repeater@12bc6874, lazers.api.Repeater@3234410, lazers.api.Repeater@9db2f60, lazers.api.Emitter@6979e8cb]
Current:
lazers.api.Repeater@1ef7fe8e
Target
lazers.api.Repeater@9db2f60
0
Rotating 18 toward 17
[38, 39, 40, 41, 42, 43, 44, 45, 46, 47, 48, 49, 50]
Target path is [lazers.api.Target@3ec2d486, lazers.api.Repeater@4abe744e, lazers.api.Repeater@3aaf8990, lazers.api.Repeater@29ad8f9, lazers.api.Repeater@de0a01f, lazers.api.Repeater@23cf49e, lazers.api.Repeater@27c82efd, lazers.api.Repeater@3f53fe0a, lazers.api.Repeater@763d9750, lazers.api.Repeater@67674430, lazers.api.Repeater@17ed40e0, lazers.api.Repeater@d70c109, lazers.api.Repeater@260e255f, lazers.api.Repeater@2d6d8735, lazers.api.Repeater@6aceb1a5, lazers.api.Repeater@12bc6874, lazers.api.Repeater@3234410, lazers.api.Repeater@9db2f60, lazers.api.Emitter@6979e8cb]
Current:
lazers.api.Repeater@1ef7fe8e
Target
lazers.api.Repeater@9db2f60
0
Rotating 18 toward 17
[38, 39, 40, 41, 42, 43, 44, 45, 46, 47, 48, 49, 50]
Target path is [lazers.api.Target@3ec2d486, lazers.api.Repeater@4abe744e, lazers.api.Repeater@3aaf8990, lazers.api.Repeater@29ad8f9, lazers.api.Repeater@de0a01f, lazers.api.Repeater@23cf49e, lazers.api.Repeater@27c82efd, lazers.api.Repeater@3f53fe0a, lazers.api.Repeater@763d9750, lazers.api.Repeater@67674430, lazers.api.Repeater@17ed40e0, lazers.api.Repeater@d70c109, lazers.api.Repeater@260e255f, lazers.api.Repeater@2d6d8735, lazers.api.Repeater@6aceb1a5, lazers.api.Repeater@12bc6874, lazers.api.Repeater@3234410, lazers.api.Repeater@9db2f60, lazers.api.Emitter@6979e8cb]
Current:
lazers.api.Repeater@1ef7fe8e
Target
lazers.api.Repeater@9db2f60
0
Rotating 18 toward 17
[38, 39, 40, 41, 42, 43, 44, 45, 46, 47, 48, 49, 50]
Target path is [lazers.api.Target@3ec2d486, lazers.api.Repeater@4abe744e, lazers.api.Repeater@3aaf8990, lazers.api.Repeater@29ad8f9, lazers.api.Repeater@de0a01f, lazers.api.Repeater@23cf49e, lazers.api.Repeater@27c82efd, lazers.api.Repeater@3f53fe0a, lazers.api.Repeater@763d9750, lazers.api.Repeater@67674430, lazers.api.Repeater@17ed40e0, lazers.api.Repeater@d70c109, lazers.api.Repeater@260e255f, lazers.api.Repeater@2d6d8735, lazers.api.Repeater@6aceb1a5, lazers.api.Repeater@12bc6874, lazers.api.Repeater@3234410, lazers.api.Repeater@9db2f60, lazers.api.Emitter@6979e8cb]
Current:
lazers.api.Repeater@1ef7fe8e
Target
lazers.api.Repeater@9db2f60
0
Rotating 18 toward 17
[38, 39, 40, 41, 42, 43, 44, 45, 46, 47, 48, 49, 50]
Target path is [lazers.api.Target@3ec2d486, lazers.api.Repeater@4abe744e, lazers.api.Repeater@3aaf8990, lazers.api.Repeater@29ad8f9, lazers.api.Repeater@de0a01f, lazers.api.Repeater@23cf49e, lazers.api.Repeater@27c82efd, lazers.api.Repeater@3f53fe0a, lazers.api.Repeater@763d9750, lazers.api.Repeater@67674430, lazers.api.Repeater@17ed40e0, lazers.api.Repeater@d70c109, lazers.api.Repeater@260e255f, lazers.api.Repeater@2d6d8735, lazers.api.Repeater@6aceb1a5, lazers.api.Repeater@12bc6874, lazers.api.Repeater@3234410, lazers.api.Repeater@9db2f60, lazers.api.Emitter@6979e8cb]
Current:
lazers.api.Repeater@1ef7fe8e
Target
lazers.api.Repeater@9db2f60
0
Rotating 18 toward 17
[38, 39, 40, 41, 42, 43, 44, 45, 46, 47, 48, 49, 50]
Target path is [lazers.api.Target@3ec2d486, lazers.api.Repeater@4abe744e, lazers.api.Repeater@3aaf8990, lazers.api.Repeater@29ad8f9, lazers.api.Repeater@de0a01f, lazers.api.Repeater@23cf49e, lazers.api.Repeater@27c82efd, lazers.api.Repeater@3f53fe0a, lazers.api.Repeater@763d9750, lazers.api.Repeater@67674430, lazers.api.Repeater@17ed40e0, lazers.api.Repeater@d70c109, lazers.api.Repeater@260e255f, lazers.api.Repeater@2d6d8735, lazers.api.Repeater@6aceb1a5, lazers.api.Repeater@12bc6874, lazers.api.Repeater@3234410, lazers.api.Repeater@9db2f60, lazers.api.Emitter@6979e8cb]
Current:
lazers.api.Repeater@1ef7fe8e
Target
lazers.api.Repeater@9db2f60
0
Rotating 18 toward 17
[38, 39, 40, 41, 42, 43, 44, 45, 46, 47, 48, 49, 50]
Target path is [lazers.api.Target@3ec2d486, lazers.api.Repeater@4abe744e, lazers.api.Repeater@3aaf8990, lazers.api.Repeater@29ad8f9, lazers.api.Repeater@de0a01f, lazers.api.Repeater@23cf49e, lazers.api.Repeater@27c82efd, lazers.api.Repeater@3f53fe0a, lazers.api.Repeater@763d9750, lazers.api.Repeater@67674430, lazers.api.Repeater@17ed40e0, lazers.api.Repeater@d70c109, lazers.api.Repeater@260e255f, lazers.api.Repeater@2d6d8735, lazers.api.Repeater@6aceb1a5, lazers.api.Repeater@12bc6874, lazers.api.Repeater@3234410, lazers.api.Repeater@9db2f60, lazers.api.Emitter@6979e8cb]
Current:
lazers.api.Repeater@1ef7fe8e
Target
lazers.api.Repeater@9db2f60
0
Rotating 18 toward 17
[38, 39, 40, 41, 42, 43, 44, 45, 46, 47, 48, 49, 50]
Target path is [lazers.api.Target@3ec2d486, lazers.api.Repeater@4abe744e, lazers.api.Repeater@3aaf8990, lazers.api.Repeater@29ad8f9, lazers.api.Repeater@de0a01f, lazers.api.Repeater@23cf49e, lazers.api.Repeater@27c82efd, lazers.api.Repeater@3f53fe0a, lazers.api.Repeater@763d9750, lazers.api.Repeater@67674430, lazers.api.Repeater@17ed40e0, lazers.api.Repeater@d70c109, lazers.api.Repeater@260e255f, lazers.api.Repeater@2d6d8735, lazers.api.Repeater@6aceb1a5, lazers.api.Repeater@12bc6874, lazers.api.Repeater@3234410, lazers.api.Repeater@9db2f60, lazers.api.Emitter@6979e8cb]
Current:
lazers.api.Repeater@1ef7fe8e
Target
lazers.api.Repeater@9db2f60
0
Rotating 18 toward 17
[38, 39, 40, 41, 42, 43, 44, 45, 46, 47, 48, 49, 50]
Target path is [lazers.api.Target@3ec2d486, lazers.api.Repeater@4abe744e, lazers.api.Repeater@3aaf8990, lazers.api.Repeater@29ad8f9, lazers.api.Repeater@de0a01f, lazers.api.Repeater@23cf49e, lazers.api.Repeater@27c82efd, lazers.api.Repeater@3f53fe0a, lazers.api.Repeater@763d9750, lazers.api.Repeater@67674430, lazers.api.Repeater@17ed40e0, lazers.api.Repeater@d70c109, lazers.api.Repeater@260e255f, lazers.api.Repeater@2d6d8735, lazers.api.Repeater@6aceb1a5, lazers.api.Repeater@12bc6874, lazers.api.Repeater@3234410, lazers.api.Repeater@9db2f60, lazers.api.Emitter@6979e8cb]
Current:
lazers.api.Repeater@1ef7fe8e
Target
lazers.api.Repeater@9db2f60
0
Rotating 18 toward 17
[38, 39, 40, 41, 42, 43, 44, 45, 46, 47, 48, 49, 50]
Target path is [lazers.api.Target@3ec2d486, lazers.api.Repeater@4abe744e, lazers.api.Repeater@3aaf8990, lazers.api.Repeater@29ad8f9, lazers.api.Repeater@de0a01f, lazers.api.Repeater@23cf49e, lazers.api.Repeater@27c82efd, lazers.api.Repeater@3f53fe0a, lazers.api.Repeater@763d9750, lazers.api.Repeater@67674430, lazers.api.Repeater@17ed40e0, lazers.api.Repeater@d70c109, lazers.api.Repeater@260e255f, lazers.api.Repeater@2d6d8735, lazers.api.Repeater@6aceb1a5, lazers.api.Repeater@12bc6874, lazers.api.Repeater@3234410, lazers.api.Repeater@9db2f60, lazers.api.Emitter@6979e8cb]
Current:
lazers.api.Repeater@1ef7fe8e
Target
lazers.api.Repeater@9db2f60
0
Rotating 18 toward 17
[38, 39, 40, 41, 42, 43, 44, 45, 46, 47, 48, 49, 50]
Target path is [lazers.api.Target@3ec2d486, lazers.api.Repeater@4abe744e, lazers.api.Repeater@3aaf8990, lazers.api.Repeater@29ad8f9, lazers.api.Repeater@de0a01f, lazers.api.Repeater@23cf49e, lazers.api.Repeater@27c82efd, lazers.api.Repeater@3f53fe0a, lazers.api.Repeater@763d9750, lazers.api.Repeater@67674430, lazers.api.Repeater@17ed40e0, lazers.api.Repeater@d70c109, lazers.api.Repeater@260e255f, lazers.api.Repeater@2d6d8735, lazers.api.Repeater@6aceb1a5, lazers.api.Repeater@12bc6874, lazers.api.Repeater@3234410, lazers.api.Repeater@9db2f60, lazers.api.Emitter@6979e8cb]
Current:
lazers.api.Repeater@1ef7fe8e
Target
lazers.api.Repeater@9db2f60
0
Rotating 18 toward 17
[38, 39, 40, 41, 42, 43, 44, 45, 46, 47, 48, 49, 50]
Target path is [lazers.api.Target@3ec2d486, lazers.api.Repeater@4abe744e, lazers.api.Repeater@3aaf8990, lazers.api.Repeater@29ad8f9, lazers.api.Repeater@de0a01f, lazers.api.Repeater@23cf49e, lazers.api.Repeater@27c82efd, lazers.api.Repeater@3f53fe0a, lazers.api.Repeater@763d9750, lazers.api.Repeater@67674430, lazers.api.Repeater@17ed40e0, lazers.api.Repeater@d70c109, lazers.api.Repeater@260e255f, lazers.api.Repeater@2d6d8735, lazers.api.Repeater@6aceb1a5, lazers.api.Repeater@12bc6874, lazers.api.Repeater@3234410, lazers.api.Repeater@9db2f60, lazers.api.Emitter@6979e8cb]
Current:
lazers.api.Repeater@1ef7fe8e
Target
lazers.api.Repeater@9db2f60
0
Rotating 18 toward 17
[38, 39, 40, 41, 42, 43, 44, 45, 46, 47, 48, 49, 50]
Target path is [lazers.api.Target@3ec2d486, lazers.api.Repeater@4abe744e, lazers.api.Repeater@3aaf8990, lazers.api.Repeater@29ad8f9, lazers.api.Repeater@de0a01f, lazers.api.Repeater@23cf49e, lazers.api.Repeater@27c82efd, lazers.api.Repeater@3f53fe0a, lazers.api.Repeater@763d9750, lazers.api.Repeater@67674430, lazers.api.Repeater@17ed40e0, lazers.api.Repeater@d70c109, lazers.api.Repeater@260e255f, lazers.api.Repeater@2d6d8735, lazers.api.Repeater@6aceb1a5, lazers.api.Repeater@12bc6874, lazers.api.Repeater@3234410, lazers.api.Repeater@9db2f60, lazers.api.Emitter@6979e8cb]
Current:
lazers.api.Repeater@1ef7fe8e
Target
lazers.api.Repeater@9db2f60
0
Rotating 18 toward 17
[38, 39, 40, 41, 42, 43, 44, 45, 46, 47, 48, 49, 50]
Target path is [lazers.api.Target@3ec2d486, lazers.api.Repeater@4abe744e, lazers.api.Repeater@3aaf8990, lazers.api.Repeater@29ad8f9, lazers.api.Repeater@de0a01f, lazers.api.Repeater@23cf49e, lazers.api.Repeater@27c82efd, lazers.api.Repeater@3f53fe0a, lazers.api.Repeater@763d9750, lazers.api.Repeater@67674430, lazers.api.Repeater@17ed40e0, lazers.api.Repeater@d70c109, lazers.api.Repeater@260e255f, lazers.api.Repeater@2d6d8735, lazers.api.Repeater@6aceb1a5, lazers.api.Repeater@12bc6874, lazers.api.Repeater@3234410, lazers.api.Repeater@9db2f60, lazers.api.Emitter@6979e8cb]
Current:
lazers.api.Repeater@1ef7fe8e
Target
lazers.api.Repeater@9db2f60
0
Rotating 18 toward 17
[38, 39, 40, 41, 42, 43, 44, 45, 46, 47, 48, 49, 50]
Target path is [lazers.api.Target@3ec2d486, lazers.api.Repeater@4abe744e, lazers.api.Repeater@3aaf8990, lazers.api.Repeater@29ad8f9, lazers.api.Repeater@de0a01f, lazers.api.Repeater@23cf49e, lazers.api.Repeater@27c82efd, lazers.api.Repeater@3f53fe0a, lazers.api.Repeater@763d9750, lazers.api.Repeater@67674430, lazers.api.Repeater@17ed40e0, lazers.api.Repeater@d70c109, lazers.api.Repeater@260e255f, lazers.api.Repeater@2d6d8735, lazers.api.Repeater@6aceb1a5, lazers.api.Repeater@12bc6874, lazers.api.Repeater@3234410, lazers.api.Repeater@9db2f60, lazers.api.Emitter@6979e8cb]
Current:
lazers.api.Repeater@1ef7fe8e
Target
lazers.api.Repeater@9db2f60
0
Rotating 18 toward 17
[38, 39, 40, 41, 42, 43, 44, 45, 46, 47, 48, 49, 50]
Target path is [lazers.api.Target@3ec2d486, lazers.api.Repeater@4abe744e, lazers.api.Repeater@3aaf8990, lazers.api.Repeater@29ad8f9, lazers.api.Repeater@de0a01f, lazers.api.Repeater@23cf49e, lazers.api.Repeater@27c82efd, lazers.api.Repeater@3f53fe0a, lazers.api.Repeater@763d9750, lazers.api.Repeater@67674430, lazers.api.Repeater@17ed40e0, lazers.api.Repeater@d70c109, lazers.api.Repeater@260e255f, lazers.api.Repeater@2d6d8735, lazers.api.Repeater@6aceb1a5, lazers.api.Repeater@12bc6874, lazers.api.Repeater@3234410, lazers.api.Repeater@9db2f60, lazers.api.Emitter@6979e8cb]
Current:
lazers.api.Repeater@1ef7fe8e
Target
lazers.api.Repeater@9db2f60
0
Rotating 18 toward 17
[38, 39, 40, 41, 42, 43, 44, 45, 46, 47, 48, 49, 50]
Target path is [lazers.api.Target@3ec2d486, lazers.api.Repeater@4abe744e, lazers.api.Repeater@3aaf8990, lazers.api.Repeater@29ad8f9, lazers.api.Repeater@de0a01f, lazers.api.Repeater@23cf49e, lazers.api.Repeater@27c82efd, lazers.api.Repeater@3f53fe0a, lazers.api.Repeater@763d9750, lazers.api.Repeater@67674430, lazers.api.Repeater@17ed40e0, lazers.api.Repeater@d70c109, lazers.api.Repeater@260e255f, lazers.api.Repeater@2d6d8735, lazers.api.Repeater@6aceb1a5, lazers.api.Repeater@12bc6874, lazers.api.Repeater@3234410, lazers.api.Repeater@9db2f60, lazers.api.Emitter@6979e8cb]
Current:
lazers.api.Repeater@1ef7fe8e
Target
lazers.api.Repeater@9db2f60
0
Rotating 18 toward 17
[38, 39, 40, 41, 42, 43, 44, 45, 46, 47, 48, 49, 50]
Target path is [lazers.api.Target@3ec2d486, lazers.api.Repeater@4abe744e, lazers.api.Repeater@3aaf8990, lazers.api.Repeater@29ad8f9, lazers.api.Repeater@de0a01f, lazers.api.Repeater@23cf49e, lazers.api.Repeater@27c82efd, lazers.api.Repeater@3f53fe0a, lazers.api.Repeater@763d9750, lazers.api.Repeater@67674430, lazers.api.Repeater@17ed40e0, lazers.api.Repeater@d70c109, lazers.api.Repeater@260e255f, lazers.api.Repeater@2d6d8735, lazers.api.Repeater@6aceb1a5, lazers.api.Repeater@12bc6874, lazers.api.Repeater@3234410, lazers.api.Repeater@9db2f60, lazers.api.Emitter@6979e8cb]
Current:
lazers.api.Repeater@1ef7fe8e
Target
lazers.api.Repeater@9db2f60
0
Rotating 18 toward 17
[38, 39, 40, 41, 42, 43, 44, 45, 46, 47, 48, 49, 50]
Target path is [lazers.api.Target@3ec2d486, lazers.api.Repeater@4abe744e, lazers.api.Repeater@3aaf8990, lazers.api.Repeater@29ad8f9, lazers.api.Repeater@de0a01f, lazers.api.Repeater@23cf49e, lazers.api.Repeater@27c82efd, lazers.api.Repeater@3f53fe0a, lazers.api.Repeater@763d9750, lazers.api.Repeater@67674430, lazers.api.Repeater@17ed40e0, lazers.api.Repeater@d70c109, lazers.api.Repeater@260e255f, lazers.api.Repeater@2d6d8735, lazers.api.Repeater@6aceb1a5, lazers.api.Repeater@12bc6874, lazers.api.Repeater@3234410, lazers.api.Repeater@9db2f60, lazers.api.Emitter@6979e8cb]
Current:
lazers.api.Repeater@1ef7fe8e
Target
lazers.api.Repeater@9db2f60
0
Rotating 18 toward 17
[38, 39, 40, 41, 42, 43, 44, 45, 46, 47, 48, 49, 50]
Target path is [lazers.api.Target@3ec2d486, lazers.api.Repeater@4abe744e, lazers.api.Repeater@3aaf8990, lazers.api.Repeater@29ad8f9, lazers.api.Repeater@de0a01f, lazers.api.Repeater@23cf49e, lazers.api.Repeater@27c82efd, lazers.api.Repeater@3f53fe0a, lazers.api.Repeater@763d9750, lazers.api.Repeater@67674430, lazers.api.Repeater@17ed40e0, lazers.api.Repeater@d70c109, lazers.api.Repeater@260e255f, lazers.api.Repeater@2d6d8735, lazers.api.Repeater@6aceb1a5, lazers.api.Repeater@12bc6874, lazers.api.Repeater@3234410, lazers.api.Repeater@9db2f60, lazers.api.Emitter@6979e8cb]
Current:
lazers.api.Repeater@1ef7fe8e
Target
lazers.api.Repeater@9db2f60
0
Rotating 18 toward 17
[38, 39, 40, 41, 42, 43, 44, 45, 46, 47, 48, 49, 50]
Target path is [lazers.api.Target@3ec2d486, lazers.api.Repeater@4abe744e, lazers.api.Repeater@3aaf8990, lazers.api.Repeater@29ad8f9, lazers.api.Repeater@de0a01f, lazers.api.Repeater@23cf49e, lazers.api.Repeater@27c82efd, lazers.api.Repeater@3f53fe0a, lazers.api.Repeater@763d9750, lazers.api.Repeater@67674430, lazers.api.Repeater@17ed40e0, lazers.api.Repeater@d70c109, lazers.api.Repeater@260e255f, lazers.api.Repeater@2d6d8735, lazers.api.Repeater@6aceb1a5, lazers.api.Repeater@12bc6874, lazers.api.Repeater@3234410, lazers.api.Repeater@9db2f60, lazers.api.Emitter@6979e8cb]
Current:
lazers.api.Repeater@1ef7fe8e
Target
lazers.api.Repeater@9db2f60
0
Rotating 18 toward 17
[38, 39, 40, 41, 42, 43, 44, 45, 46, 47, 48, 49, 50]
Target path is [lazers.api.Target@3ec2d486, lazers.api.Repeater@4abe744e, lazers.api.Repeater@3aaf8990, lazers.api.Repeater@29ad8f9, lazers.api.Repeater@de0a01f, lazers.api.Repeater@23cf49e, lazers.api.Repeater@27c82efd, lazers.api.Repeater@3f53fe0a, lazers.api.Repeater@763d9750, lazers.api.Repeater@67674430, lazers.api.Repeater@17ed40e0, lazers.api.Repeater@d70c109, lazers.api.Repeater@260e255f, lazers.api.Repeater@2d6d8735, lazers.api.Repeater@6aceb1a5, lazers.api.Repeater@12bc6874, lazers.api.Repeater@3234410, lazers.api.Repeater@9db2f60, lazers.api.Emitter@6979e8cb]
Current:
lazers.api.Repeater@1ef7fe8e
Target
lazers.api.Repeater@9db2f60
0
Rotating 18 toward 17
[38, 39, 40, 41, 42, 43, 44, 45, 46, 47, 48, 49, 50]
Target path is [lazers.api.Target@3ec2d486, lazers.api.Repeater@4abe744e, lazers.api.Repeater@3aaf8990, lazers.api.Repeater@29ad8f9, lazers.api.Repeater@de0a01f, lazers.api.Repeater@23cf49e, lazers.api.Repeater@27c82efd, lazers.api.Repeater@3f53fe0a, lazers.api.Repeater@763d9750, lazers.api.Repeater@67674430, lazers.api.Repeater@17ed40e0, lazers.api.Repeater@d70c109, lazers.api.Repeater@260e255f, lazers.api.Repeater@2d6d8735, lazers.api.Repeater@6aceb1a5, lazers.api.Repeater@12bc6874, lazers.api.Repeater@3234410, lazers.api.Repeater@9db2f60, lazers.api.Emitter@6979e8cb]
Current:
lazers.api.Repeater@1ef7fe8e
Target
lazers.api.Repeater@9db2f60
0
Rotating 18 toward 17
