[10, 11]
Target path is [lazers.api.Target@2d3fdc42, lazers.api.Repeater@2fce97ca, lazers.api.Repeater@bedfa6f, lazers.api.Repeater@4001e29b, lazers.api.Repeater@406bfd91, lazers.api.Repeater@34385e83, lazers.api.Emitter@76ccd017]
Current:
lazers.api.Wall@2626b418
Target
lazers.api.Repeater@34385e83
0
Rotating 6 toward 5
[10, 11]
Target path is [lazers.api.Target@2d3fdc42, lazers.api.Repeater@2fce97ca, lazers.api.Repeater@bedfa6f, lazers.api.Repeater@4001e29b, lazers.api.Repeater@406bfd91, lazers.api.Repeater@34385e83, lazers.api.Emitter@76ccd017]
Current:
lazers.api.Wall@2626b418
Target
lazers.api.Repeater@34385e83
0
Rotating 6 toward 5
[10, 11]
Target path is [lazers.api.Target@2d3fdc42, lazers.api.Repeater@2fce97ca, lazers.api.Repeater@bedfa6f, lazers.api.Repeater@4001e29b, lazers.api.Repeater@406bfd91, lazers.api.Repeater@34385e83, lazers.api.Emitter@76ccd017]
Current:
lazers.api.Wall@2626b418
Target
lazers.api.Repeater@34385e83
0
Rotating 6 toward 5
[10, 11]
Target path is [lazers.api.Target@2d3fdc42, lazers.api.Repeater@2fce97ca, lazers.api.Repeater@bedfa6f, lazers.api.Repeater@4001e29b, lazers.api.Repeater@406bfd91, lazers.api.Repeater@34385e83, lazers.api.Emitter@76ccd017]
Current:
lazers.api.Wall@2626b418
Target
lazers.api.Repeater@34385e83
0
Rotating 6 toward 5
[10, 11]
Target path is [lazers.api.Target@2d3fdc42, lazers.api.Repeater@2fce97ca, lazers.api.Repeater@bedfa6f, lazers.api.Repeater@4001e29b, lazers.api.Repeater@406bfd91, lazers.api.Repeater@34385e83, lazers.api.Emitter@76ccd017]
Current:
lazers.api.Wall@2626b418
Target
lazers.api.Repeater@34385e83
0
Rotating 6 toward 5
[10, 11]
Target path is [lazers.api.Target@2d3fdc42, lazers.api.Repeater@2fce97ca, lazers.api.Repeater@bedfa6f, lazers.api.Repeater@4001e29b, lazers.api.Repeater@406bfd91, lazers.api.Repeater@34385e83, lazers.api.Emitter@76ccd017]
Current:
lazers.api.Wall@2626b418
Target
lazers.api.Repeater@34385e83
0
Rotating 6 toward 5
[10, 11]
Target path is [lazers.api.Target@2d3fdc42, lazers.api.Repeater@2fce97ca, lazers.api.Repeater@bedfa6f, lazers.api.Repeater@4001e29b, lazers.api.Repeater@406bfd91, lazers.api.Repeater@34385e83, lazers.api.Emitter@76ccd017]
Current:
lazers.api.Wall@2626b418
Target
lazers.api.Repeater@34385e83
0
Rotating 6 toward 5
[10, 11]
Target path is [lazers.api.Target@2d3fdc42, lazers.api.Repeater@2fce97ca, lazers.api.Repeater@bedfa6f, lazers.api.Repeater@4001e29b, lazers.api.Repeater@406bfd91, lazers.api.Repeater@34385e83, lazers.api.Emitter@76ccd017]
Current:
lazers.api.Wall@2626b418
Target
lazers.api.Repeater@34385e83
0
Rotating 6 toward 5
[10, 11]
Target path is [lazers.api.Target@2d3fdc42, lazers.api.Repeater@2fce97ca, lazers.api.Repeater@bedfa6f, lazers.api.Repeater@4001e29b, lazers.api.Repeater@406bfd91, lazers.api.Repeater@34385e83, lazers.api.Emitter@76ccd017]
Current:
lazers.api.Wall@2626b418
Target
lazers.api.Repeater@34385e83
0
Rotating 6 toward 5
[10, 11]
Target path is [lazers.api.Target@2d3fdc42, lazers.api.Repeater@2fce97ca, lazers.api.Repeater@bedfa6f, lazers.api.Repeater@4001e29b, lazers.api.Repeater@406bfd91, lazers.api.Repeater@34385e83, lazers.api.Emitter@76ccd017]
Current:
lazers.api.Wall@2626b418
Target
lazers.api.Repeater@34385e83
0
Rotating 6 toward 5
[10, 11]
Target path is [lazers.api.Target@2d3fdc42, lazers.api.Repeater@2fce97ca, lazers.api.Repeater@bedfa6f, lazers.api.Repeater@4001e29b, lazers.api.Repeater@406bfd91, lazers.api.Repeater@34385e83, lazers.api.Emitter@76ccd017]
Current:
lazers.api.Wall@2626b418
Target
lazers.api.Repeater@34385e83
0
Rotating 6 toward 5
[10, 11]
Target path is [lazers.api.Target@2d3fdc42, lazers.api.Repeater@2fce97ca, lazers.api.Repeater@bedfa6f, lazers.api.Repeater@4001e29b, lazers.api.Repeater@406bfd91, lazers.api.Repeater@34385e83, lazers.api.Emitter@76ccd017]
Current:
lazers.api.Wall@2626b418
Target
lazers.api.Repeater@34385e83
0
Rotating 6 toward 5
[10, 11]
Target path is [lazers.api.Target@2d3fdc42, lazers.api.Repeater@2fce97ca, lazers.api.Repeater@bedfa6f, lazers.api.Repeater@4001e29b, lazers.api.Repeater@406bfd91, lazers.api.Repeater@34385e83, lazers.api.Emitter@76ccd017]
Current:
lazers.api.Wall@2626b418
Target
lazers.api.Repeater@34385e83
0
Rotating 6 toward 5
[10, 11]
Target path is [lazers.api.Target@2d3fdc42, lazers.api.Repeater@2fce97ca, lazers.api.Repeater@bedfa6f, lazers.api.Repeater@4001e29b, lazers.api.Repeater@406bfd91, lazers.api.Repeater@34385e83, lazers.api.Emitter@76ccd017]
Current:
lazers.api.Wall@2626b418
Target
lazers.api.Repeater@34385e83
0
Rotating 6 toward 5
[10, 11]
Target path is [lazers.api.Target@2d3fdc42, lazers.api.Repeater@2fce97ca, lazers.api.Repeater@bedfa6f, lazers.api.Repeater@4001e29b, lazers.api.Repeater@406bfd91, lazers.api.Repeater@34385e83, lazers.api.Emitter@76ccd017]
Current:
lazers.api.Wall@2626b418
Target
lazers.api.Repeater@34385e83
0
Rotating 6 toward 5
[10, 11]
Target path is [lazers.api.Target@2d3fdc42, lazers.api.Repeater@2fce97ca, lazers.api.Repeater@bedfa6f, lazers.api.Repeater@4001e29b, lazers.api.Repeater@406bfd91, lazers.api.Repeater@34385e83, lazers.api.Emitter@76ccd017]
Current:
lazers.api.Wall@2626b418
Target
lazers.api.Repeater@34385e83
0
Rotating 6 toward 5
[10, 11]
Target path is [lazers.api.Target@2d3fdc42, lazers.api.Repeater@2fce97ca, lazers.api.Repeater@bedfa6f, lazers.api.Repeater@4001e29b, lazers.api.Repeater@406bfd91, lazers.api.Repeater@34385e83, lazers.api.Emitter@76ccd017]
Current:
lazers.api.Wall@2626b418
Target
lazers.api.Repeater@34385e83
0
Rotating 6 toward 5
[10, 11]
Target path is [lazers.api.Target@2d3fdc42, lazers.api.Repeater@2fce97ca, lazers.api.Repeater@bedfa6f, lazers.api.Repeater@4001e29b, lazers.api.Repeater@406bfd91, lazers.api.Repeater@34385e83, lazers.api.Emitter@76ccd017]
Current:
lazers.api.Wall@2626b418
Target
lazers.api.Repeater@34385e83
0
Rotating 6 toward 5
[10, 11]
Target path is [lazers.api.Target@2d3fdc42, lazers.api.Repeater@2fce97ca, lazers.api.Repeater@bedfa6f, lazers.api.Repeater@4001e29b, lazers.api.Repeater@406bfd91, lazers.api.Repeater@34385e83, lazers.api.Emitter@76ccd017]
Current:
lazers.api.Wall@2626b418
Target
lazers.api.Repeater@34385e83
0
Rotating 6 toward 5
[10, 11]
Target path is [lazers.api.Target@2d3fdc42, lazers.api.Repeater@2fce97ca, lazers.api.Repeater@bedfa6f, lazers.api.Repeater@4001e29b, lazers.api.Repeater@406bfd91, lazers.api.Repeater@34385e83, lazers.api.Emitter@76ccd017]
Current:
lazers.api.Wall@2626b418
Target
lazers.api.Repeater@34385e83
0
Rotating 6 toward 5
[10, 11]
Target path is [lazers.api.Target@2d3fdc42, lazers.api.Repeater@2fce97ca, lazers.api.Repeater@bedfa6f, lazers.api.Repeater@4001e29b, lazers.api.Repeater@406bfd91, lazers.api.Repeater@34385e83, lazers.api.Emitter@76ccd017]
Current:
lazers.api.Wall@2626b418
Target
lazers.api.Repeater@34385e83
0
Rotating 6 toward 5
[10, 11]
Target path is [lazers.api.Target@2d3fdc42, lazers.api.Repeater@2fce97ca, lazers.api.Repeater@bedfa6f, lazers.api.Repeater@4001e29b, lazers.api.Repeater@406bfd91, lazers.api.Repeater@34385e83, lazers.api.Emitter@76ccd017]
Current:
lazers.api.Wall@2626b418
Target
lazers.api.Repeater@34385e83
0
Rotating 6 toward 5
[10, 11]
Target path is [lazers.api.Target@2d3fdc42, lazers.api.Repeater@2fce97ca, lazers.api.Repeater@bedfa6f, lazers.api.Repeater@4001e29b, lazers.api.Repeater@406bfd91, lazers.api.Repeater@34385e83, lazers.api.Emitter@76ccd017]
Current:
lazers.api.Wall@2626b418
Target
lazers.api.Repeater@34385e83
0
Rotating 6 toward 5
[10, 11]
Target path is [lazers.api.Target@2d3fdc42, lazers.api.Repeater@2fce97ca, lazers.api.Repeater@bedfa6f, lazers.api.Repeater@4001e29b, lazers.api.Repeater@406bfd91, lazers.api.Repeater@34385e83, lazers.api.Emitter@76ccd017]
Current:
lazers.api.Wall@2626b418
Target
lazers.api.Repeater@34385e83
0
Rotating 6 toward 5
[10, 11]
Target path is [lazers.api.Target@2d3fdc42, lazers.api.Repeater@2fce97ca, lazers.api.Repeater@bedfa6f, lazers.api.Repeater@4001e29b, lazers.api.Repeater@406bfd91, lazers.api.Repeater@34385e83, lazers.api.Emitter@76ccd017]
Current:
lazers.api.Wall@2626b418
Target
lazers.api.Repeater@34385e83
0
Rotating 6 toward 5
[10, 11]
Target path is [lazers.api.Target@2d3fdc42, lazers.api.Repeater@2fce97ca, lazers.api.Repeater@bedfa6f, lazers.api.Repeater@4001e29b, lazers.api.Repeater@406bfd91, lazers.api.Repeater@34385e83, lazers.api.Emitter@76ccd017]
Current:
lazers.api.Wall@2626b418
Target
lazers.api.Repeater@34385e83
0
Rotating 6 toward 5
[10, 11]
Target path is [lazers.api.Target@2d3fdc42, lazers.api.Repeater@2fce97ca, lazers.api.Repeater@bedfa6f, lazers.api.Repeater@4001e29b, lazers.api.Repeater@406bfd91, lazers.api.Repeater@34385e83, lazers.api.Emitter@76ccd017]
Current:
lazers.api.Wall@2626b418
Target
lazers.api.Repeater@34385e83
0
Rotating 6 toward 5
[10, 11]
Target path is [lazers.api.Target@2d3fdc42, lazers.api.Repeater@2fce97ca, lazers.api.Repeater@bedfa6f, lazers.api.Repeater@4001e29b, lazers.api.Repeater@406bfd91, lazers.api.Repeater@34385e83, lazers.api.Emitter@76ccd017]
Current:
lazers.api.Wall@2626b418
Target
lazers.api.Repeater@34385e83
0
Rotating 6 toward 5
[10, 11]
Target path is [lazers.api.Target@2d3fdc42, lazers.api.Repeater@2fce97ca, lazers.api.Repeater@bedfa6f, lazers.api.Repeater@4001e29b, lazers.api.Repeater@406bfd91, lazers.api.Repeater@34385e83, lazers.api.Emitter@76ccd017]
Current:
lazers.api.Wall@2626b418
Target
lazers.api.Repeater@34385e83
0
Rotating 6 toward 5
[10, 11]
Target path is [lazers.api.Target@2d3fdc42, lazers.api.Repeater@2fce97ca, lazers.api.Repeater@bedfa6f, lazers.api.Repeater@4001e29b, lazers.api.Repeater@406bfd91, lazers.api.Repeater@34385e83, lazers.api.Emitter@76ccd017]
Current:
lazers.api.Wall@2626b418
Target
lazers.api.Repeater@34385e83
0
Rotating 6 toward 5
[10, 11]
Target path is [lazers.api.Target@2d3fdc42, lazers.api.Repeater@2fce97ca, lazers.api.Repeater@bedfa6f, lazers.api.Repeater@4001e29b, lazers.api.Repeater@406bfd91, lazers.api.Repeater@34385e83, lazers.api.Emitter@76ccd017]
Current:
lazers.api.Wall@2626b418
Target
lazers.api.Repeater@34385e83
0
Rotating 6 toward 5
[10, 11]
Target path is [lazers.api.Target@2d3fdc42, lazers.api.Repeater@2fce97ca, lazers.api.Repeater@bedfa6f, lazers.api.Repeater@4001e29b, lazers.api.Repeater@406bfd91, lazers.api.Repeater@34385e83, lazers.api.Emitter@76ccd017]
Current:
lazers.api.Wall@2626b418
Target
lazers.api.Repeater@34385e83
0
Rotating 6 toward 5
[10, 11]
Target path is [lazers.api.Target@2d3fdc42, lazers.api.Repeater@2fce97ca, lazers.api.Repeater@bedfa6f, lazers.api.Repeater@4001e29b, lazers.api.Repeater@406bfd91, lazers.api.Repeater@34385e83, lazers.api.Emitter@76ccd017]
Current:
lazers.api.Wall@2626b418
Target
lazers.api.Repeater@34385e83
0
Rotating 6 toward 5
[10, 11]
Target path is [lazers.api.Target@2d3fdc42, lazers.api.Repeater@2fce97ca, lazers.api.Repeater@bedfa6f, lazers.api.Repeater@4001e29b, lazers.api.Repeater@406bfd91, lazers.api.Repeater@34385e83, lazers.api.Emitter@76ccd017]
Current:
lazers.api.Wall@2626b418
Target
lazers.api.Repeater@34385e83
0
Rotating 6 toward 5
[10, 11]
Target path is [lazers.api.Target@2d3fdc42, lazers.api.Repeater@2fce97ca, lazers.api.Repeater@bedfa6f, lazers.api.Repeater@4001e29b, lazers.api.Repeater@406bfd91, lazers.api.Repeater@34385e83, lazers.api.Emitter@76ccd017]
Current:
lazers.api.Wall@2626b418
Target
lazers.api.Repeater@34385e83
0
Rotating 6 toward 5
[10, 11]
Target path is [lazers.api.Target@2d3fdc42, lazers.api.Repeater@2fce97ca, lazers.api.Repeater@bedfa6f, lazers.api.Repeater@4001e29b, lazers.api.Repeater@406bfd91, lazers.api.Repeater@34385e83, lazers.api.Emitter@76ccd017]
Current:
lazers.api.Wall@2626b418
Target
lazers.api.Repeater@34385e83
0
Rotating 6 toward 5
[10, 11]
Target path is [lazers.api.Target@2d3fdc42, lazers.api.Repeater@2fce97ca, lazers.api.Repeater@bedfa6f, lazers.api.Repeater@4001e29b, lazers.api.Repeater@406bfd91, lazers.api.Repeater@34385e83, lazers.api.Emitter@76ccd017]
Current:
lazers.api.Wall@2626b418
Target
lazers.api.Repeater@34385e83
0
Rotating 6 toward 5
[10, 11]
Target path is [lazers.api.Target@2d3fdc42, lazers.api.Repeater@2fce97ca, lazers.api.Repeater@bedfa6f, lazers.api.Repeater@4001e29b, lazers.api.Repeater@406bfd91, lazers.api.Repeater@34385e83, lazers.api.Emitter@76ccd017]
Current:
lazers.api.Wall@2626b418
Target
lazers.api.Repeater@34385e83
0
Rotating 6 toward 5
[10, 11]
Target path is [lazers.api.Target@2d3fdc42, lazers.api.Repeater@2fce97ca, lazers.api.Repeater@bedfa6f, lazers.api.Repeater@4001e29b, lazers.api.Repeater@406bfd91, lazers.api.Repeater@34385e83, lazers.api.Emitter@76ccd017]
Current:
lazers.api.Wall@2626b418
Target
lazers.api.Repeater@34385e83
0
Rotating 6 toward 5
[10, 11]
Target path is [lazers.api.Target@2d3fdc42, lazers.api.Repeater@2fce97ca, lazers.api.Repeater@bedfa6f, lazers.api.Repeater@4001e29b, lazers.api.Repeater@406bfd91, lazers.api.Repeater@34385e83, lazers.api.Emitter@76ccd017]
Current:
lazers.api.Wall@2626b418
Target
lazers.api.Repeater@34385e83
0
Rotating 6 toward 5
[10, 11]
Target path is [lazers.api.Target@2d3fdc42, lazers.api.Repeater@2fce97ca, lazers.api.Repeater@bedfa6f, lazers.api.Repeater@4001e29b, lazers.api.Repeater@406bfd91, lazers.api.Repeater@34385e83, lazers.api.Emitter@76ccd017]
Current:
lazers.api.Wall@2626b418
Target
lazers.api.Repeater@34385e83
0
Rotating 6 toward 5
[10, 11]
Target path is [lazers.api.Target@2d3fdc42, lazers.api.Repeater@2fce97ca, lazers.api.Repeater@bedfa6f, lazers.api.Repeater@4001e29b, lazers.api.Repeater@406bfd91, lazers.api.Repeater@34385e83, lazers.api.Emitter@76ccd017]
Current:
lazers.api.Wall@2626b418
Target
lazers.api.Repeater@34385e83
0
Rotating 6 toward 5
[10, 11]
Target path is [lazers.api.Target@2d3fdc42, lazers.api.Repeater@2fce97ca, lazers.api.Repeater@bedfa6f, lazers.api.Repeater@4001e29b, lazers.api.Repeater@406bfd91, lazers.api.Repeater@34385e83, lazers.api.Emitter@76ccd017]
Current:
lazers.api.Wall@2626b418
Target
lazers.api.Repeater@34385e83
0
Rotating 6 toward 5
[10, 11]
Target path is [lazers.api.Target@2d3fdc42, lazers.api.Repeater@2fce97ca, lazers.api.Repeater@bedfa6f, lazers.api.Repeater@4001e29b, lazers.api.Repeater@406bfd91, lazers.api.Repeater@34385e83, lazers.api.Emitter@76ccd017]
Current:
lazers.api.Wall@2626b418
Target
lazers.api.Repeater@34385e83
0
Rotating 6 toward 5
[10, 11]
Target path is [lazers.api.Target@2d3fdc42, lazers.api.Repeater@2fce97ca, lazers.api.Repeater@bedfa6f, lazers.api.Repeater@4001e29b, lazers.api.Repeater@406bfd91, lazers.api.Repeater@34385e83, lazers.api.Emitter@76ccd017]
Current:
lazers.api.Wall@2626b418
Target
lazers.api.Repeater@34385e83
0
Rotating 6 toward 5
[10, 11]
Target path is [lazers.api.Target@2d3fdc42, lazers.api.Repeater@2fce97ca, lazers.api.Repeater@bedfa6f, lazers.api.Repeater@4001e29b, lazers.api.Repeater@406bfd91, lazers.api.Repeater@34385e83, lazers.api.Emitter@76ccd017]
Current:
lazers.api.Wall@2626b418
Target
lazers.api.Repeater@34385e83
0
Rotating 6 toward 5
[10, 11]
Target path is [lazers.api.Target@2d3fdc42, lazers.api.Repeater@2fce97ca, lazers.api.Repeater@bedfa6f, lazers.api.Repeater@4001e29b, lazers.api.Repeater@406bfd91, lazers.api.Repeater@34385e83, lazers.api.Emitter@76ccd017]
Current:
lazers.api.Wall@2626b418
Target
lazers.api.Repeater@34385e83
0
Rotating 6 toward 5
[10, 11]
Target path is [lazers.api.Target@2d3fdc42, lazers.api.Repeater@2fce97ca, lazers.api.Repeater@bedfa6f, lazers.api.Repeater@4001e29b, lazers.api.Repeater@406bfd91, lazers.api.Repeater@34385e83, lazers.api.Emitter@76ccd017]
Current:
lazers.api.Wall@2626b418
Target
lazers.api.Repeater@34385e83
0
Rotating 6 toward 5
[10, 11]
Target path is [lazers.api.Target@2d3fdc42, lazers.api.Repeater@2fce97ca, lazers.api.Repeater@bedfa6f, lazers.api.Repeater@4001e29b, lazers.api.Repeater@406bfd91, lazers.api.Repeater@34385e83, lazers.api.Emitter@76ccd017]
Current:
lazers.api.Wall@2626b418
Target
lazers.api.Repeater@34385e83
0
Rotating 6 toward 5
[10, 11]
Target path is [lazers.api.Target@2d3fdc42, lazers.api.Repeater@2fce97ca, lazers.api.Repeater@bedfa6f, lazers.api.Repeater@4001e29b, lazers.api.Repeater@406bfd91, lazers.api.Repeater@34385e83, lazers.api.Emitter@76ccd017]
Current:
lazers.api.Wall@2626b418
Target
lazers.api.Repeater@34385e83
0
Rotating 6 toward 5
